nohup: ignoring input
============================================================
HYPERPARAMETER CONFIGURATION
============================================================

JOINT_MD:
  C: 30
  reg: 1.5
  eta_G: 0.01
  eta_p: 0.002
  max_iter: 5000
  gamma: 0.99
  tol: 1e-05
  patience: 30
  total_features: 5000

SIMPLE_WS:
  learning_rate: 0.05
  gamma: 0.99
  T: 5000
  patience: 60
  tol: 1e-05
  total_features: 5000

PARAMETER_SEARCH:
  reg_m1_range: (1, 300)
  reg_m2_range: (1, 300)
  n_points: 10
============================================================
Generating parameter grid for experiment_1...
  Using n_points = 10 (from centralized config)
  Running 100 parameter combinations with 11 workers...
Iteration 0: p = [0.4928 0.5072]
Iteration 20: p = [0.4944 0.5056]
Iteration 40: p = [0.4767 0.5233]
Iteration 60: p = [0.4837 0.5163]
Iteration 80: p = [0.4734 0.5266]
Iteration 100: p = [0.4696 0.5304]
Iteration 120: p = [0.4672 0.5328]
Iteration 140: p = [0.4659 0.5341]
Iteration 160: p = [0.4663 0.5337]
Iteration 180: p = [0.4661 0.5339]
Iteration 200: p = [0.4652 0.5348]
Iteration 220: p = [0.4637 0.5363]
Iteration 240: p = [0.4618 0.5382]
Iteration 260: p = [0.4621 0.5379]
Iteration 280: p = [0.461 0.539]
Iteration 300: p = [0.4614 0.5386]
Iteration 320: p = [0.4609 0.5391]
Iteration 340: p = [0.4608 0.5392]
Iteration 360: p = [0.4606 0.5394]
Iteration 380: p = [0.4603 0.5397]
Iteration 400: p = [0.4601 0.5399]
Iteration 420: p = [0.4601 0.5399]
Iteration 440: p = [0.46 0.54]
Iteration 460: p = [0.4598 0.5402]
Iteration 480: p = [0.4597 0.5403]
Iteration 500: p = [0.4597 0.5403]
Iteration 520: p = [0.4596 0.5404]
Iteration 540: p = [0.4596 0.5404]
Iteration 560: p = [0.4596 0.5404]
Iteration 580: p = [0.4596 0.5404]
Iteration 600: p = [0.4596 0.5404]
Iteration 620: p = [0.4595 0.5405]
Iteration 640: p = [0.4595 0.5405]
Iteration 660: p = [0.4595 0.5405]
Iteration 680: p = [0.4595 0.5405]
Iteration 700: p = [0.4595 0.5405]
Iteration 720: p = [0.4595 0.5405]
Iteration 740: p = [0.4595 0.5405]
Iteration 760: p = [0.4595 0.5405]
Iteration 780: p = [0.4595 0.5405]
Iteration 800: p = [0.4595 0.5405]
Iteration 820: p = [0.4595 0.5405]
Iteration 840: p = [0.4595 0.5405]
Iteration 860: p = [0.4595 0.5405]
Iteration 880: p = [0.4595 0.5405]
Iteration 900: p = [0.4595 0.5405]
Iteration 920: p = [0.4595 0.5405]
Iteration 940: p = [0.4595 0.5405]
Iteration 960: p = [0.4595 0.5405]
Iteration 980: p = [0.4595 0.5405]
Iteration 1000: p = [0.4595 0.5405]
Iteration 1020: p = [0.4595 0.5405]
Iteration 1040: p = [0.4595 0.5405]
Iteration 1060: p = [0.4595 0.5405]
Iteration 1080: p = [0.4595 0.5405]
Iteration 1100: p = [0.4595 0.5405]
Iteration 0: p = [0.5155 0.4845]
Iteration 20: p = [0.453 0.547]
Iteration 40: p = [0.4053 0.5947]
Iteration 60: p = [0.3648 0.6352]
Iteration 80: p = [0.3309 0.6691]
Iteration 100: p = [0.3109 0.6891]
Iteration 120: p = [0.3001 0.6999]
Iteration 140: p = [0.2819 0.7181]
Iteration 160: p = [0.2758 0.7242]
Iteration 180: p = [0.2664 0.7336]
Iteration 200: p = [0.2611 0.7389]
Iteration 220: p = [0.2573 0.7427]
Iteration 240: p = [0.2565 0.7435]
Iteration 260: p = [0.2554 0.7446]
Iteration 280: p = [0.2534 0.7466]
Iteration 300: p = [0.2509 0.7491]
Iteration 320: p = [0.2492 0.7508]
Iteration 340: p = [0.2486 0.7514]
Iteration 360: p = [0.2476 0.7524]
Iteration 380: p = [0.2467 0.7533]
Iteration 400: p = [0.2462 0.7538]
Iteration 420: p = [0.2456 0.7544]
Iteration 440: p = [0.2452 0.7548]
Iteration 460: p = [0.2449 0.7551]
Iteration 480: p = [0.2446 0.7554]
Iteration 500: p = [0.2443 0.7557]
Iteration 520: p = [0.2442 0.7558]
Iteration 540: p = [0.244 0.756]
Iteration 560: p = [0.2439 0.7561]
Iteration 580: p = [0.2437 0.7563]
Iteration 600: p = [0.2436 0.7564]
Iteration 620: p = [0.2436 0.7564]
Iteration 640: p = [0.2435 0.7565]
Iteration 660: p = [0.2435 0.7565]
Iteration 680: p = [0.2434 0.7566]
Iteration 700: p = [0.2434 0.7566]
Iteration 720: p = [0.2434 0.7566]
Iteration 740: p = [0.2434 0.7566]
Iteration 760: p = [0.2433 0.7567]
Iteration 780: p = [0.2433 0.7567]
Iteration 800: p = [0.2433 0.7567]
Iteration 820: p = [0.2433 0.7567]
Iteration 840: p = [0.2433 0.7567]
Iteration 860: p = [0.2433 0.7567]
Iteration 880: p = [0.2433 0.7567]
Iteration 900: p = [0.2433 0.7567]
Iteration 920: p = [0.2433 0.7567]
Iteration 940: p = [0.2433 0.7567]
Iteration 960: p = [0.2433 0.7567]
Iteration 980: p = [0.2433 0.7567]
Iteration 1000: p = [0.2433 0.7567]
Iteration 1020: p = [0.2433 0.7567]
Iteration 1040: p = [0.2433 0.7567]
Iteration 0: p = [0.4999 0.5001]
Iteration 20: p = [0.4966 0.5034]
Iteration 40: p = [0.494 0.506]
Iteration 60: p = [0.4919 0.5081]
Iteration 80: p = [0.4901 0.5099]
Iteration 100: p = [0.4886 0.5114]
Iteration 120: p = [0.4874 0.5126]
Iteration 140: p = [0.4864 0.5136]
Iteration 160: p = [0.4856 0.5144]
Iteration 180: p = [0.4849 0.5151]
Iteration 200: p = [0.4843 0.5157]
Iteration 220: p = [0.4839 0.5161]
Iteration 240: p = [0.4835 0.5165]
Iteration 260: p = [0.4832 0.5168]
Iteration 280: p = [0.483 0.517]
Iteration 300: p = [0.4828 0.5172]
Iteration 320: p = [0.4826 0.5174]
Iteration 340: p = [0.4825 0.5175]
Iteration 360: p = [0.4823 0.5177]
Iteration 380: p = [0.4822 0.5178]
Iteration 400: p = [0.4822 0.5178]
Iteration 420: p = [0.4821 0.5179]
Iteration 440: p = [0.4821 0.5179]
Iteration 460: p = [0.482 0.518]
Iteration 480: p = [0.482 0.518]
Iteration 500: p = [0.482 0.518]
Iteration 520: p = [0.4819 0.5181]
Iteration 540: p = [0.4819 0.5181]
Iteration 560: p = [0.4819 0.5181]
Iteration 580: p = [0.4819 0.5181]
Iteration 600: p = [0.4819 0.5181]
Iteration 620: p = [0.4819 0.5181]
Iteration 640: p = [0.4819 0.5181]
Iteration 660: p = [0.4819 0.5181]
Iteration 680: p = [0.4819 0.5181]
Iteration 700: p = [0.4819 0.5181]
Iteration 720: p = [0.4818 0.5182]
Iteration 740: p = [0.4818 0.5182]
Iteration 760: p = [0.4818 0.5182]
Iteration 780: p = [0.4818 0.5182]
Iteration 800: p = [0.4818 0.5182]
Iteration 820: p = [0.4818 0.5182]
Iteration 840: p = [0.4818 0.5182]
Iteration 860: p = [0.4818 0.5182]
Iteration 880: p = [0.4818 0.5182]
Iteration 900: p = [0.4818 0.5182]
Iteration 920: p = [0.4818 0.5182]
Iteration 940: p = [0.4818 0.5182]
Iteration 960: p = [0.4818 0.5182]
Iteration 980: p = [0.4818 0.5182]
Iteration 1000: p = [0.4818 0.5182]
Iteration 1020: p = [0.4818 0.5182]
Iteration 1040: p = [0.4818 0.5182]
Iteration 1060: p = [0.4818 0.5182]
Iteration 1080: p = [0.4818 0.5182]
Iteration 1100: p = [0.4818 0.5182]
Iteration 1120: p = [0.4818 0.5182]
Iteration 1140: p = [0.4818 0.5182]
Iteration 1160: p = [0.4818 0.5182]
Iteration 1180: p = [0.4818 0.5182]
Iteration 0: p = [0.4988 0.5012]
Iteration 20: p = [0.4097 0.5903]
Iteration 40: p = [0.3181 0.6819]
Iteration 60: p = [0.2683 0.7317]
Iteration 80: p = [0.2312 0.7688]
Iteration 100: p = [0.2159 0.7841]
Iteration 120: p = [0.2066 0.7934]
Iteration 140: p = [0.199 0.801]
Iteration 160: p = [0.1945 0.8055]
Iteration 180: p = [0.1922 0.8078]
Iteration 200: p = [0.1914 0.8086]
Iteration 220: p = [0.1888 0.8112]
Iteration 240: p = [0.1875 0.8125]
Iteration 260: p = [0.186 0.814]
Iteration 280: p = [0.1855 0.8145]
Iteration 300: p = [0.1849 0.8151]
Iteration 320: p = [0.1848 0.8152]
Iteration 340: p = [0.1848 0.8152]
Iteration 360: p = [0.1847 0.8153]
Iteration 380: p = [0.1845 0.8155]
Iteration 400: p = [0.1845 0.8155]
Iteration 420: p = [0.1845 0.8155]
Iteration 440: p = [0.1845 0.8155]
Iteration 460: p = [0.1845 0.8155]
Iteration 480: p = [0.1845 0.8155]
Iteration 500: p = [0.1845 0.8155]
Iteration 520: p = [0.1845 0.8155]
Iteration 540: p = [0.1844 0.8156]
Iteration 560: p = [0.1844 0.8156]
Iteration 580: p = [0.1844 0.8156]
Iteration 600: p = [0.1844 0.8156]
Iteration 620: p = [0.1844 0.8156]
Iteration 640: p = [0.1843 0.8157]
Iteration 660: p = [0.1843 0.8157]
Iteration 0: p = [0.495 0.505]
Iteration 20: p = [0.3403 0.6597]
Iteration 40: p = [0.3008 0.6992]
Iteration 60: p = [0.2274 0.7726]
Iteration 80: p = [0.2062 0.7938]
Iteration 100: p = [0.2078 0.7922]
Iteration 120: p = [0.2008 0.7992]
Iteration 140: p = [0.1896 0.8104]
Iteration 160: p = [0.1817 0.8183]
Iteration 180: p = [0.1738 0.8262]
Iteration 200: p = [0.1734 0.8266]
Iteration 220: p = [0.1734 0.8266]
Iteration 240: p = [0.1733 0.8267]
Iteration 260: p = [0.1728 0.8272]
Iteration 280: p = [0.1732 0.8268]
Iteration 300: p = [0.174 0.826]
Iteration 320: p = [0.1744 0.8256]
Iteration 340: p = [0.1745 0.8255]
Iteration 360: p = [0.1747 0.8253]
Iteration 380: p = [0.1748 0.8252]
Iteration 400: p = [0.1749 0.8251]
Iteration 420: p = [0.175 0.825]
Iteration 440: p = [0.1751 0.8249]
Iteration 460: p = [0.1751 0.8249]
Iteration 480: p = [0.1752 0.8248]
Iteration 500: p = [0.1752 0.8248]
Iteration 520: p = [0.1752 0.8248]
Iteration 540: p = [0.1753 0.8247]
Iteration 560: p = [0.1753 0.8247]
Iteration 580: p = [0.1753 0.8247]
Iteration 0: p = [0.5219 0.4781]
Iteration 20: p = [0.3399 0.6601]
Iteration 0: p = [0.5178 0.4822]
Iteration 20: p = [0.5038 0.4962]
Iteration 40: p = [0.4965 0.5035]
Iteration 60: p = [0.4966 0.5034]
Iteration 80: p = [0.483 0.517]
Iteration 100: p = [0.483 0.517]
Iteration 120: p = [0.4849 0.5151]
Iteration 140: p = [0.4826 0.5174]
Iteration 160: p = [0.4847 0.5153]
Iteration 180: p = [0.4848 0.5152]
Iteration 200: p = [0.4839 0.5161]
Iteration 220: p = [0.4836 0.5164]
Iteration 240: p = [0.4819 0.5181]
Iteration 260: p = [0.4814 0.5186]
Iteration 280: p = [0.4804 0.5196]
Iteration 300: p = [0.4795 0.5205]
Iteration 320: p = [0.4789 0.5211]
Iteration 340: p = [0.4788 0.5212]
Iteration 360: p = [0.4785 0.5215]
Iteration 380: p = [0.478 0.522]
Iteration 400: p = [0.478 0.522]
Iteration 420: p = [0.478 0.522]
Iteration 440: p = [0.4779 0.5221]
Iteration 460: p = [0.4778 0.5222]
Iteration 480: p = [0.4777 0.5223]
Iteration 500: p = [0.4777 0.5223]
Iteration 520: p = [0.4776 0.5224]
Iteration 540: p = [0.4777 0.5223]
Iteration 560: p = [0.4776 0.5224]
Iteration 580: p = [0.4776 0.5224]
Iteration 600: p = [0.4775 0.5225]
Iteration 620: p = [0.4775 0.5225]
Iteration 640: p = [0.4775 0.5225]
Iteration 660: p = [0.4775 0.5225]
Iteration 680: p = [0.4775 0.5225]
Iteration 700: p = [0.4774 0.5226]
Iteration 720: p = [0.4775 0.5225]
Iteration 740: p = [0.4774 0.5226]
Iteration 760: p = [0.4774 0.5226]
Iteration 780: p = [0.4774 0.5226]
Iteration 800: p = [0.4774 0.5226]
Iteration 820: p = [0.4774 0.5226]
Iteration 840: p = [0.4774 0.5226]
Iteration 860: p = [0.4774 0.5226]
Iteration 880: p = [0.4774 0.5226]
Iteration 900: p = [0.4774 0.5226]
Iteration 920: p = [0.4774 0.5226]
Iteration 940: p = [0.4774 0.5226]
Iteration 960: p = [0.4774 0.5226]
Iteration 980: p = [0.4774 0.5226]
Iteration 1000: p = [0.4774 0.5226]
Iteration 1020: p = [0.4774 0.5226]
Iteration 1040: p = [0.4774 0.5226]
Iteration 1060: p = [0.4774 0.5226]
Iteration 1080: p = [0.4774 0.5226]
Iteration 1100: p = [0.4774 0.5226]
Iteration 1120: p = [0.4774 0.5226]
Iteration 1140: p = [0.4774 0.5226]
Iteration 1160: p = [0.4774 0.5226]
Iteration 1180: p = [0.4774 0.5226]
Iteration 1200: p = [0.4774 0.5226]
Iteration 1220: p = [0.4774 0.5226]
Iteration 1240: p = [0.4774 0.5226]
Iteration 0: p = [0.4946 0.5054]
Iteration 20: p = [0.3943 0.6057]
Iteration 40: p = [0.3305 0.6695]
Iteration 60: p = [0.2887 0.7113]
Iteration 80: p = [0.2613 0.7387]
Iteration 100: p = [0.2441 0.7559]
Iteration 120: p = [0.2322 0.7678]
Iteration 140: p = [0.224 0.776]
Iteration 160: p = [0.2182 0.7818]
Iteration 180: p = [0.2138 0.7862]
Iteration 200: p = [0.2106 0.7894]
Iteration 220: p = [0.2083 0.7917]
Iteration 240: p = [0.2067 0.7933]
Iteration 260: p = [0.2054 0.7946]
Iteration 280: p = [0.2044 0.7956]
Iteration 300: p = [0.2036 0.7964]
Iteration 320: p = [0.2029 0.7971]
Iteration 340: p = [0.2024 0.7976]
Iteration 360: p = [0.202 0.798]
Iteration 380: p = [0.2017 0.7983]
Iteration 400: p = [0.2015 0.7985]
Iteration 420: p = [0.2012 0.7988]
Iteration 440: p = [0.2011 0.7989]
Iteration 460: p = [0.2009 0.7991]
Iteration 480: p = [0.2008 0.7992]
Iteration 500: p = [0.2007 0.7993]
Iteration 520: p = [0.2006 0.7994]
Iteration 540: p = [0.2006 0.7994]
Iteration 560: p = [0.2005 0.7995]
Iteration 580: p = [0.2005 0.7995]
Iteration 600: p = [0.2005 0.7995]
Iteration 620: p = [0.2004 0.7996]
Iteration 640: p = [0.2004 0.7996]
Iteration 660: p = [0.2004 0.7996]
Iteration 680: p = [0.2004 0.7996]
Iteration 700: p = [0.2004 0.7996]
Iteration 720: p = [0.2003 0.7997]
Iteration 740: p = [0.2003 0.7997]
Iteration 760: p = [0.2003 0.7997]
Iteration 780: p = [0.2003 0.7997]
Iteration 0: p = [0.5201 0.4799]
Iteration 20: p = [0.4051 0.5949]
Iteration 40: p = [0.3652 0.6348]
Iteration 60: p = [0.3233 0.6767]
Iteration 80: p = [0.3081 0.6919]
Iteration 100: p = [0.2801 0.7199]
Iteration 120: p = [0.2638 0.7362]
Iteration 140: p = [0.2467 0.7533]
Iteration 160: p = [0.233 0.767]
Iteration 180: p = [0.2252 0.7748]
Iteration 200: p = [0.2243 0.7757]
Iteration 220: p = [0.217 0.783]
Iteration 240: p = [0.2133 0.7867]
Iteration 260: p = [0.2117 0.7883]
Iteration 280: p = [0.2092 0.7908]
Iteration 300: p = [0.2073 0.7927]
Iteration 320: p = [0.2065 0.7935]
Iteration 340: p = [0.206 0.794]
Iteration 360: p = [0.2051 0.7949]
Iteration 380: p = [0.2047 0.7953]
Iteration 400: p = [0.2042 0.7958]
Iteration 420: p = [0.2039 0.7961]
Iteration 440: p = [0.2037 0.7963]
Iteration 460: p = [0.2036 0.7964]
Iteration 480: p = [0.2036 0.7964]
Iteration 500: p = [0.2034 0.7966]
Iteration 520: p = [0.2033 0.7967]
Iteration 540: p = [0.2033 0.7967]
Iteration 560: p = [0.2032 0.7968]
Iteration 580: p = [0.2032 0.7968]
Iteration 600: p = [0.2031 0.7969]
Iteration 620: p = [0.2031 0.7969]
Iteration 640: p = [0.203 0.797]
Iteration 660: p = [0.203 0.797]
Iteration 680: p = [0.203 0.797]
Iteration 700: p = [0.203 0.797]
Iteration 720: p = [0.203 0.797]
Iteration 740: p = [0.203 0.797]
Iteration 760: p = [0.203 0.797]
Iteration 780: p = [0.203 0.797]
Iteration 800: p = [0.203 0.797]
Iteration 820: p = [0.203 0.797]
Iteration 840: p = [0.203 0.797]
Iteration 860: p = [0.203 0.797]
Iteration 880: p = [0.203 0.797]
Iteration 900: p = [0.2029 0.7971]
Iteration 920: p = [0.2029 0.7971]
Iteration 940: p = [0.2029 0.7971]
Iteration 960: p = [0.2029 0.7971]
Iteration 980: p = [0.2029 0.7971]
Iteration 1000: p = [0.2029 0.7971]
Iteration 0: p = [0.4999 0.5001]
Iteration 20: p = [0.4967 0.5033]
Iteration 40: p = [0.4941 0.5059]
Iteration 60: p = [0.4921 0.5079]
Iteration 80: p = [0.4903 0.5097]
Iteration 100: p = [0.4889 0.5111]
Iteration 120: p = [0.4877 0.5123]
Iteration 140: p = [0.4867 0.5133]
Iteration 160: p = [0.4859 0.5141]
Iteration 180: p = [0.4852 0.5148]
Iteration 200: p = [0.4847 0.5153]
Iteration 220: p = [0.4842 0.5158]
Iteration 240: p = [0.4838 0.5162]
Iteration 260: p = [0.4835 0.5165]
Iteration 280: p = [0.4833 0.5167]
Iteration 300: p = [0.4831 0.5169]
Iteration 320: p = [0.4829 0.5171]
Iteration 340: p = [0.4828 0.5172]
Iteration 360: p = [0.4827 0.5173]
Iteration 380: p = [0.4826 0.5174]
Iteration 400: p = [0.4825 0.5175]
Iteration 420: p = [0.4824 0.5176]
Iteration 440: p = [0.4824 0.5176]
Iteration 460: p = [0.4823 0.5177]
Iteration 480: p = [0.4823 0.5177]
Iteration 500: p = [0.4823 0.5177]
Iteration 520: p = [0.4823 0.5177]
Iteration 540: p = [0.4822 0.5178]
Iteration 560: p = [0.4822 0.5178]
Iteration 580: p = [0.4822 0.5178]
Iteration 600: p = [0.4822 0.5178]
Iteration 620: p = [0.4822 0.5178]
Iteration 640: p = [0.4822 0.5178]
Iteration 660: p = [0.4822 0.5178]
Iteration 680: p = [0.4822 0.5178]
Iteration 700: p = [0.4822 0.5178]
Iteration 720: p = [0.4822 0.5178]
Iteration 740: p = [0.4822 0.5178]
Iteration 760: p = [0.4822 0.5178]
Iteration 780: p = [0.4822 0.5178]
Iteration 800: p = [0.4822 0.5178]
Iteration 820: p = [0.4822 0.5178]
Iteration 840: p = [0.4822 0.5178]
Iteration 860: p = [0.4822 0.5178]
Iteration 880: p = [0.4822 0.5178]
Iteration 900: p = [0.4822 0.5178]
Iteration 920: p = [0.4822 0.5178]
Iteration 940: p = [0.4822 0.5178]
Iteration 960: p = [0.4822 0.5178]
Iteration 980: p = [0.4822 0.5178]
Iteration 1000: p = [0.4822 0.5178]
Iteration 1020: p = [0.4822 0.5178]
Iteration 1040: p = [0.4822 0.5178]
Iteration 1060: p = [0.4822 0.5178]
Iteration 1080: p = [0.4822 0.5178]
Iteration 1100: p = [0.4822 0.5178]
Iteration 1120: p = [0.4822 0.5178]
Iteration 1140: p = [0.4822 0.5178]
Iteration 1160: p = [0.4822 0.5178]
Iteration 1180: p = [0.4822 0.5178]
Iteration 0: p = [0.507 0.493]
Iteration 20: p = [0.2888 0.7112]
Iteration 40: p = [0.2555 0.7445]
Iteration 60: p = [0.3004 0.6996]
Iteration 80: p = [0.2808 0.7192]
Iteration 100: p = [0.249 0.751]
Iteration 120: p = [0.2243 0.7757]
Iteration 140: p = [0.2069 0.7931]
Iteration 160: p = [0.1988 0.8012]
Iteration 180: p = [0.1913 0.8087]
Iteration 200: p = [0.1878 0.8122]
Iteration 220: p = [0.1863 0.8137]
Iteration 240: p = [0.184 0.816]
Iteration 260: p = [0.1825 0.8175]
Iteration 280: p = [0.1821 0.8179]
Iteration 300: p = [0.1818 0.8182]
Iteration 320: p = [0.1819 0.8181]
Iteration 340: p = [0.182 0.818]
Iteration 360: p = [0.182 0.818]
Iteration 380: p = [0.1822 0.8178]
Iteration 400: p = [0.1825 0.8175]
Iteration 0: p = [0.5155 0.4845]
Iteration 20: p = [0.4915 0.5085]
Iteration 40: p = [0.4882 0.5118]
Iteration 60: p = [0.4836 0.5164]
Iteration 80: p = [0.4784 0.5216]
Iteration 100: p = [0.4709 0.5291]
Iteration 120: p = [0.4746 0.5254]
Iteration 140: p = [0.4777 0.5223]
Iteration 160: p = [0.4763 0.5237]
Iteration 180: p = [0.4747 0.5253]
Iteration 200: p = [0.4746 0.5254]
Iteration 220: p = [0.4705 0.5295]
Iteration 240: p = [0.4719 0.5281]
Iteration 260: p = [0.4712 0.5288]
Iteration 280: p = [0.4719 0.5281]
Iteration 300: p = [0.4709 0.5291]
Iteration 320: p = [0.4709 0.5291]
Iteration 340: p = [0.4713 0.5287]
Iteration 360: p = [0.4705 0.5295]
Iteration 380: p = [0.4708 0.5292]
Iteration 400: p = [0.4705 0.5295]
Iteration 420: p = [0.4705 0.5295]
Iteration 440: p = [0.4704 0.5296]
Iteration 460: p = [0.4704 0.5296]
Iteration 480: p = [0.4704 0.5296]
Iteration 500: p = [0.4703 0.5297]
Iteration 520: p = [0.4703 0.5297]
Iteration 540: p = [0.4702 0.5298]
Iteration 560: p = [0.4702 0.5298]
Iteration 580: p = [0.4702 0.5298]
Iteration 600: p = [0.4701 0.5299]
Iteration 620: p = [0.4701 0.5299]
Iteration 640: p = [0.4701 0.5299]
Iteration 660: p = [0.4701 0.5299]
Iteration 680: p = [0.4701 0.5299]
Iteration 700: p = [0.4701 0.5299]
Iteration 720: p = [0.4701 0.5299]
Iteration 740: p = [0.4701 0.5299]
Iteration 760: p = [0.4701 0.5299]
Iteration 780: p = [0.4701 0.5299]
Iteration 800: p = [0.4701 0.5299]
Iteration 820: p = [0.4701 0.5299]
Iteration 840: p = [0.4701 0.5299]
Iteration 860: p = [0.4701 0.5299]
Iteration 880: p = [0.4701 0.5299]
Iteration 900: p = [0.4701 0.5299]
Iteration 920: p = [0.4701 0.5299]
Iteration 940: p = [0.4701 0.5299]
Iteration 960: p = [0.4701 0.5299]
Iteration 980: p = [0.4701 0.5299]
Iteration 1000: p = [0.4701 0.5299]
Iteration 1020: p = [0.4701 0.5299]
Iteration 1040: p = [0.4701 0.5299]
Iteration 1060: p = [0.4701 0.5299]
Iteration 1080: p = [0.4701 0.5299]
Iteration 1100: p = [0.4701 0.5299]
Iteration 1120: p = [0.4701 0.5299]
Iteration 1140: p = [0.4701 0.5299]
Iteration 1160: p = [0.4701 0.5299]
Iteration 1180: p = [0.4701 0.5299]
Iteration 1200: p = [0.4701 0.5299]
Iteration 1220: p = [0.4701 0.5299]
Iteration 1240: p = [0.4701 0.5299]
Iteration 0: p = [0.4999 0.5001]
Iteration 20: p = [0.4965 0.5035]
Iteration 40: p = [0.4939 0.5061]
Iteration 60: p = [0.4917 0.5083]
Iteration 80: p = [0.4898 0.5102]
Iteration 100: p = [0.4884 0.5116]
Iteration 120: p = [0.4871 0.5129]
Iteration 140: p = [0.4861 0.5139]
Iteration 160: p = [0.4853 0.5147]
Iteration 180: p = [0.4846 0.5154]
Iteration 200: p = [0.484 0.516]
Iteration 220: p = [0.4836 0.5164]
Iteration 240: p = [0.4832 0.5168]
Iteration 260: p = [0.4829 0.5171]
Iteration 280: p = [0.4827 0.5173]
Iteration 300: p = [0.4825 0.5175]
Iteration 320: p = [0.4823 0.5177]
Iteration 340: p = [0.4821 0.5179]
Iteration 360: p = [0.482 0.518]
Iteration 380: p = [0.4819 0.5181]
Iteration 400: p = [0.4819 0.5181]
Iteration 420: p = [0.4818 0.5182]
Iteration 440: p = [0.4818 0.5182]
Iteration 460: p = [0.4817 0.5183]
Iteration 480: p = [0.4817 0.5183]
Iteration 500: p = [0.4817 0.5183]
Iteration 520: p = [0.4816 0.5184]
Iteration 540: p = [0.4816 0.5184]
Iteration 560: p = [0.4816 0.5184]
Iteration 580: p = [0.4816 0.5184]
Iteration 600: p = [0.4816 0.5184]
Iteration 620: p = [0.4816 0.5184]
Iteration 640: p = [0.4816 0.5184]
Iteration 660: p = [0.4816 0.5184]
Iteration 680: p = [0.4815 0.5185]
Iteration 700: p = [0.4815 0.5185]
Iteration 720: p = [0.4815 0.5185]
Iteration 740: p = [0.4815 0.5185]
Iteration 760: p = [0.4815 0.5185]
Iteration 780: p = [0.4815 0.5185]
Iteration 800: p = [0.4815 0.5185]
Iteration 820: p = [0.4815 0.5185]
Iteration 840: p = [0.4815 0.5185]
Iteration 860: p = [0.4815 0.5185]
Iteration 880: p = [0.4815 0.5185]
Iteration 900: p = [0.4815 0.5185]
Iteration 920: p = [0.4815 0.5185]
Iteration 940: p = [0.4815 0.5185]
Iteration 960: p = [0.4815 0.5185]
Iteration 980: p = [0.4815 0.5185]
Iteration 1000: p = [0.4815 0.5185]
Iteration 1020: p = [0.4815 0.5185]
Iteration 1040: p = [0.4815 0.5185]
Iteration 0: p = [0.4889 0.5111]
Iteration 20: p = [0.3205 0.6795]
Iteration 40: p = [0.2314 0.7686]
Iteration 60: p = [0.2102 0.7898]
Iteration 80: p = [0.1989 0.8011]
Iteration 100: p = [0.1866 0.8134]
Iteration 120: p = [0.1804 0.8196]
Iteration 140: p = [0.1789 0.8211]
Iteration 160: p = [0.1762 0.8238]
Iteration 180: p = [0.1758 0.8242]
Iteration 200: p = [0.1766 0.8234]
Iteration 220: p = [0.1756 0.8244]
Iteration 240: p = [0.1758 0.8242]
Iteration 260: p = [0.1759 0.8241]
Iteration 280: p = [0.1761 0.8239]
Iteration 300: p = [0.1762 0.8238]
Iteration 320: p = [0.1763 0.8237]
Iteration 340: p = [0.1763 0.8237]
Iteration 360: p = [0.1764 0.8236]
Iteration 380: p = [0.1764 0.8236]
Iteration 400: p = [0.1764 0.8236]
Iteration 420: p = [0.1764 0.8236]
Iteration 440: p = [0.1764 0.8236]
Iteration 460: p = [0.1764 0.8236]
Iteration 480: p = [0.1764 0.8236]
Iteration 0: p = [0.5119 0.4881]
Iteration 20: p = [0.3805 0.6195]
Iteration 40: p = [0.3506 0.6494]
Iteration 60: p = [0.324 0.676]
Iteration 80: p = [0.2926 0.7074]
Iteration 100: p = [0.2525 0.7475]
Iteration 120: p = [0.2302 0.7698]
Iteration 140: p = [0.2176 0.7824]
Iteration 160: p = [0.2091 0.7909]
Iteration 180: p = [0.1991 0.8009]
Iteration 200: p = [0.1963 0.8037]
Iteration 220: p = [0.1916 0.8084]
Iteration 240: p = [0.1886 0.8114]
Iteration 260: p = [0.1876 0.8124]
Iteration 280: p = [0.1862 0.8138]
Iteration 300: p = [0.1859 0.8141]
Iteration 320: p = [0.1857 0.8143]
Iteration 340: p = [0.1854 0.8146]
Iteration 360: p = [0.1858 0.8142]
Iteration 380: p = [0.1854 0.8146]
Iteration 400: p = [0.1856 0.8144]
Iteration 420: p = [0.1854 0.8146]
Iteration 440: p = [0.1855 0.8145]
Iteration 460: p = [0.1854 0.8146]
Iteration 480: p = [0.1855 0.8145]
Iteration 500: p = [0.1854 0.8146]
Iteration 520: p = [0.1855 0.8145]
Iteration 540: p = [0.1855 0.8145]
Iteration 560: p = [0.1855 0.8145]
Iteration 580: p = [0.1855 0.8145]
Iteration 600: p = [0.1856 0.8144]
Iteration 620: p = [0.1855 0.8145]
Iteration 640: p = [0.1856 0.8144]
Iteration 660: p = [0.1856 0.8144]
Iteration 680: p = [0.1856 0.8144]
Iteration 700: p = [0.1856 0.8144]
Iteration 720: p = [0.1856 0.8144]
Iteration 740: p = [0.1856 0.8144]
Iteration 760: p = [0.1856 0.8144]
Iteration 780: p = [0.1856 0.8144]
Iteration 800: p = [0.1856 0.8144]
Iteration 820: p = [0.1856 0.8144]
Iteration 840: p = [0.1856 0.8144]
Iteration 860: p = [0.1856 0.8144]
Iteration 880: p = [0.1856 0.8144]
Iteration 900: p = [0.1856 0.8144]
Iteration 920: p = [0.1856 0.8144]
Iteration 940: p = [0.1856 0.8144]
Iteration 0: p = [0.5 0.5]
Iteration 20: p = [0.4967 0.5033]
Iteration 40: p = [0.4944 0.5056]
Iteration 60: p = [0.4923 0.5077]
Iteration 80: p = [0.4906 0.5094]
Iteration 100: p = [0.4892 0.5108]
Iteration 120: p = [0.488 0.512]
Iteration 140: p = [0.4871 0.5129]
Iteration 160: p = [0.4862 0.5138]
Iteration 180: p = [0.4856 0.5144]
Iteration 200: p = [0.485 0.515]
Iteration 220: p = [0.4846 0.5154]
Iteration 240: p = [0.4842 0.5158]
Iteration 260: p = [0.4839 0.5161]
Iteration 280: p = [0.4837 0.5163]
Iteration 300: p = [0.4835 0.5165]
Iteration 320: p = [0.4833 0.5167]
Iteration 340: p = [0.4832 0.5168]
Iteration 360: p = [0.483 0.517]
Iteration 380: p = [0.4829 0.5171]
Iteration 400: p = [0.4829 0.5171]
Iteration 420: p = [0.4828 0.5172]
Iteration 440: p = [0.4828 0.5172]
Iteration 460: p = [0.4827 0.5173]
Iteration 480: p = [0.4827 0.5173]
Iteration 500: p = [0.4827 0.5173]
Iteration 520: p = [0.4826 0.5174]
Iteration 540: p = [0.4826 0.5174]
Iteration 560: p = [0.4826 0.5174]
Iteration 580: p = [0.4826 0.5174]
Iteration 600: p = [0.4826 0.5174]
Iteration 620: p = [0.4826 0.5174]
Iteration 640: p = [0.4826 0.5174]
Iteration 660: p = [0.4826 0.5174]
Iteration 680: p = [0.4826 0.5174]
Iteration 700: p = [0.4826 0.5174]
Iteration 720: p = [0.4825 0.5175]
Iteration 740: p = [0.4825 0.5175]
Iteration 760: p = [0.4825 0.5175]
Iteration 780: p = [0.4825 0.5175]
Iteration 800: p = [0.4825 0.5175]
Iteration 820: p = [0.4825 0.5175]
Iteration 840: p = [0.4825 0.5175]
Iteration 860: p = [0.4825 0.5175]
Iteration 880: p = [0.4825 0.5175]
Iteration 900: p = [0.4825 0.5175]Iteration 0: p = [0.5004 0.4996]
Iteration 20: p = [0.4958 0.5042]
Iteration 40: p = [0.4929 0.5071]
Iteration 60: p = [0.491 0.509]
Iteration 80: p = [0.4745 0.5255]
Iteration 100: p = [0.4793 0.5207]
Iteration 120: p = [0.4781 0.5219]
Iteration 140: p = [0.4764 0.5236]
Iteration 160: p = [0.4705 0.5295]
Iteration 180: p = [0.4701 0.5299]
Iteration 200: p = [0.4709 0.5291]
Iteration 220: p = [0.4701 0.5299]
Iteration 240: p = [0.4696 0.5304]
Iteration 260: p = [0.4685 0.5315]
Iteration 280: p = [0.4683 0.5317]
Iteration 300: p = [0.4676 0.5324]
Iteration 320: p = [0.4674 0.5326]
Iteration 340: p = [0.4671 0.5329]
Iteration 360: p = [0.4672 0.5328]
Iteration 380: p = [0.4668 0.5332]
Iteration 400: p = [0.4668 0.5332]
Iteration 420: p = [0.4665 0.5335]
Iteration 440: p = [0.4663 0.5337]
Iteration 460: p = [0.4662 0.5338]
Iteration 480: p = [0.4661 0.5339]
Iteration 500: p = [0.4661 0.5339]
Iteration 520: p = [0.4661 0.5339]
Iteration 540: p = [0.466 0.534]
Iteration 560: p = [0.466 0.534]
Iteration 580: p = [0.466 0.534]
Iteration 600: p = [0.4659 0.5341]
Iteration 620: p = [0.4659 0.5341]
Iteration 640: p = [0.4659 0.5341]
Iteration 660: p = [0.4659 0.5341]
Iteration 680: p = [0.4659 0.5341]
Iteration 700: p = [0.4659 0.5341]
Iteration 720: p = [0.4659 0.5341]
Iteration 740: p = [0.4659 0.5341]
Iteration 760: p = [0.4659 0.5341]
Iteration 780: p = [0.4659 0.5341]
Iteration 800: p = [0.4659 0.5341]
Iteration 820: p = [0.4659 0.5341]
Iteration 840: p = [0.4659 0.5341]
Iteration 860: p = [0.4659 0.5341]
Iteration 880: p = [0.4659 0.5341]
Iteration 900: p = [0.4659 0.5341]
Iteration 920: p = [0.4659 0.5341]
Iteration 940: p = [0.4659 0.5341]
Iteration 960: p = [0.4659 0.5341]
Iteration 980: p = [0.4659 0.5341]
Iteration 1000: p = [0.4659 0.5341]
Iteration 1020: p = [0.4659 0.5341]
Iteration 1040: p = [0.4659 0.5341]
Iteration 1060: p = [0.4659 0.5341]
Iteration 1080: p = [0.4659 0.5341]
Iteration 1100: p = [0.4659 0.5341]
Iteration 1120: p = [0.4659 0.5341]
Iteration 1140: p = [0.4659 0.5341]
Iteration 0: p = [0.5196 0.4804]
Iteration 20: p = [0.4555 0.5445]
Iteration 40: p = [0.3916 0.6084]
Iteration 60: p = [0.372 0.628]
Iteration 80: p = [0.3352 0.6648]
Iteration 100: p = [0.3137 0.6863]
Iteration 120: p = [0.302 0.698]
Iteration 140: p = [0.2863 0.7137]
Iteration 160: p = [0.2767 0.7233]
Iteration 180: p = [0.2726 0.7274]
Iteration 200: p = [0.2676 0.7324]
Iteration 220: p = [0.2624 0.7376]
Iteration 240: p = [0.2597 0.7403]
Iteration 260: p = [0.2563 0.7437]
Iteration 280: p = [0.2533 0.7467]
Iteration 300: p = [0.2519 0.7481]
Iteration 320: p = [0.2509 0.7491]
Iteration 340: p = [0.2492 0.7508]
Iteration 360: p = [0.2481 0.7519]
Iteration 380: p = [0.2474 0.7526]
Iteration 400: p = [0.2466 0.7534]
Iteration 420: p = [0.246 0.754]
Iteration 440: p = [0.2456 0.7544]
Iteration 460: p = [0.2451 0.7549]
Iteration 480: p = [0.2449 0.7551]
Iteration 500: p = [0.2446 0.7554]
Iteration 520: p = [0.2444 0.7556]
Iteration 540: p = [0.2443 0.7557]
Iteration 560: p = [0.2441 0.7559]
Iteration 580: p = [0.2441 0.7559]
Iteration 600: p = [0.244 0.756]
Iteration 620: p = [0.2439 0.7561]
Iteration 640: p = [0.2439 0.7561]
Iteration 660: p = [0.2438 0.7562]
Iteration 680: p = [0.2438 0.7562]
Iteration 700: p = [0.2438 0.7562]
Iteration 720: p = [0.2437 0.7563]
Iteration 740: p = [0.2437 0.7563]
Iteration 760: p = [0.2437 0.7563]
Iteration 780: p = [0.2437 0.7563]
Iteration 800: p = [0.2437 0.7563]
Iteration 820: p = [0.2437 0.7563]
Iteration 840: p = [0.2437 0.7563]
Iteration 860: p = [0.2437 0.7563]
Iteration 880: p = [0.2437 0.7563]
Iteration 900: p = [0.2436 0.7564]
Iteration 920: p = [0.2436 0.7564]
Iteration 940: p = [0.2436 0.7564]
Iteration 960: p = [0.2436 0.7564]
Iteration 980: p = [0.2436 0.7564]
Iteration 1000: p = [0.2436 0.7564]
Iteration 1020: p = [0.2436 0.7564]
Iteration 1040: p = [0.2436 0.7564]
Iteration 1060: p = [0.2436 0.7564]
Iteration 1080: p = [0.2436 0.7564]
Iteration 0: p = [0.4902 0.5098]
Iteration 20: p = [0.3404 0.6596]
Iteration 40: p = [0.2554 0.7446]
Iteration 60: p = [0.2119 0.7881]
Iteration 80: p = [0.1924 0.8076]
Iteration 100: p = [0.1818 0.8182]
Iteration 120: p = [0.1764 0.8236]
Iteration 140: p = [0.1743 0.8257]
Iteration 160: p = [0.1733 0.8267]
Iteration 180: p = [0.1734 0.8266]
Iteration 200: p = [0.1736 0.8264]
Iteration 220: p = [0.1736 0.8264]
Iteration 240: p = [0.1737 0.8263]
Iteration 260: p = [0.1738 0.8262]
Iteration 280: p = [0.1741 0.8259]
Iteration 300: p = [0.1742 0.8258]
Iteration 320: p = [0.1743 0.8257]
Iteration 340: p = [0.1744 0.8256]
Iteration 360: p = [0.1744 0.8256]
Iteration 380: p = [0.1745 0.8255]
Iteration 400: p = [0.1745 0.8255]
Iteration 420: p = [0.1746 0.8254]
Iteration 440: p = [0.1746 0.8254]
Iteration 460: p = [0.1746 0.8254]
Iteration 480: p = [0.1746 0.8254]
Iteration 500: p = [0.1747 0.8253]
Iteration 520: p = [0.1747 0.8253]
Iteration 540: p = [0.1747 0.8253]
Iteration 560: p = [0.1747 0.8253]
Iteration 580: p = [0.1747 0.8253]
Iteration 600: p = [0.1747 0.8253]
Iteration 620: p = [0.1747 0.8253]
Iteration 640: p = [0.1747 0.8253]
Iteration 660: p = [0.1747 0.8253]
Iteration 680: p = [0.1747 0.8253]
Iteration 0: p = [0.5194 0.4806]
Iteration 20: p = [0.4017 0.5983]
Iteration 40: p = [0.3314 0.6686]
Iteration 60: p = [0.3197 0.6803]
Iteration 80: p = [0.2986 0.7014]
Iteration 100: p = [0.2636 0.7364]
Iteration 120: p = [0.2388 0.7612]
Iteration 140: p = [0.2257 0.7743]
Iteration 160: p = [0.2147 0.7853]
Iteration 180: p = [0.2045 0.7955]
Iteration 200: p = [0.1995 0.8005]
Iteration 220: p = [0.1956 0.8044]
Iteration 240: p = [0.1929 0.8071]
Iteration 260: p = [0.1911 0.8089]
Iteration 280: p = [0.1887 0.8113]
Iteration 300: p = [0.1882 0.8118]
Iteration 320: p = [0.188 0.812]
Iteration 340: p = [0.1875 0.8125]
Iteration 360: p = [0.1876 0.8124]
Iteration 380: p = [0.1873 0.8127]
Iteration 400: p = [0.1872 0.8128]
Iteration 420: p = [0.1872 0.8128]
Iteration 440: p = [0.1873 0.8127]
Iteration 460: p = [0.1873 0.8127]
Iteration 480: p = [0.1873 0.8127]
Iteration 500: p = [0.1873 0.8127]
Iteration 520: p = [0.1873 0.8127]
Iteration 540: p = [0.1872 0.8128]
Iteration 560: p = [0.1872 0.8128]
Iteration 580: p = [0.1873 0.8127]
Iteration 600: p = [0.1873 0.8127]
Iteration 620: p = [0.1872 0.8128]
Iteration 640: p = [0.1872 0.8128]
Iteration 660: p = [0.1872 0.8128]
Iteration 680: p = [0.1872 0.8128]
Iteration 700: p = [0.1872 0.8128]
Iteration 720: p = [0.1872 0.8128]
Iteration 740: p = [0.1872 0.8128]
Iteration 760: p = [0.1872 0.8128]
Iteration 780: p = [0.1872 0.8128]
Iteration 800: p = [0.1872 0.8128]
Iteration 820: p = [0.1872 0.8128]
Iteration 840: p = [0.1872 0.8128]
Iteration 860: p = [0.1872 0.8128]
Iteration 880: p = [0.1872 0.8128]
Iteration 900: p = [0.1872 0.8128]
Iteration 920: p = [0.1872 0.8128]
Iteration 940: p = [0.1872 0.8128]
Iteration 960: p = [0.1872 0.8128]
Iteration 980: p = [0.1872 0.8128]
Iteration 1000: p = [0.1872 0.8128]
Iteration 0: p = [0.4928 0.5072]
Iteration 20: p = [0.3589 0.6411]
Iteration 40: p = [0.325 0.675]
Iteration 60: p = [0.2823 0.7177]
Iteration 80: p = [0.2453 0.7547]
Iteration 100: p = [0.2198 0.7802]
Iteration 120: p = [0.2034 0.7966]
Iteration 140: p = [0.1928 0.8072]
Iteration 160: p = [0.187 0.813]
Iteration 180: p = [0.1833 0.8167]
Iteration 200: p = [0.1811 0.8189]
Iteration 220: p = [0.1798 0.8202]
Iteration 240: p = [0.179 0.821]
Iteration 260: p = [0.1784 0.8216]
Iteration 280: p = [0.1781 0.8219]
Iteration 300: p = [0.1779 0.8221]
Iteration 320: p = [0.1777 0.8223]
Iteration 340: p = [0.1777 0.8223]
Iteration 360: p = [0.1776 0.8224]
Iteration 380: p = [0.1776 0.8224]
Iteration 400: p = [0.1775 0.8225]
Iteration 420: p = [0.1775 0.8225]
Iteration 440: p = [0.1775 0.8225]
Iteration 460: p = [0.1775 0.8225]
Iteration 480: p = [0.1775 0.8225]
Iteration 500: p = [0.1775 0.8225]
Iteration 520: p = [0.1775 0.8225]
Iteration 540: p = [0.1774 0.8226]
Iteration 560: p = [0.1774 0.8226]
Iteration 580: p = [0.1774 0.8226]
Iteration 600: p = [0.1774 0.8226]
Iteration 620: p = [0.1774 0.8226]
Iteration 640: p = [0.1774 0.8226]
Iteration 660: p = [0.1774 0.8226]
Iteration 680: p = [0.1774 0.8226]
Iteration 700: p = [0.1774 0.8226]
Iteration 0: p = [0.4896 0.5104]
Iteration 20: p = [0.4861 0.5139]
Iteration 40: p = [0.4824 0.5176]
Iteration 60: p = [0.4768 0.5232]
Iteration 80: p = [0.4713 0.5287]
Iteration 100: p = [0.4666 0.5334]
Iteration 120: p = [0.4668 0.5332]
Iteration 140: p = [0.4649 0.5351]
Iteration 160: p = [0.4641 0.5359]
Iteration 180: p = [0.4619 0.5381]
Iteration 200: p = [0.4611 0.5389]
Iteration 220: p = [0.4597 0.5403]
Iteration 240: p = [0.4591 0.5409]
Iteration 260: p = [0.4583 0.5417]
Iteration 280: p = [0.458 0.542]
Iteration 300: p = [0.4573 0.5427]
Iteration 320: p = [0.4572 0.5428]
Iteration 340: p = [0.457 0.543]
Iteration 360: p = [0.4568 0.5432]
Iteration 380: p = [0.4567 0.5433]
Iteration 400: p = [0.4565 0.5435]
Iteration 420: p = [0.4564 0.5436]
Iteration 440: p = [0.4562 0.5438]
Iteration 460: p = [0.4562 0.5438]
Iteration 480: p = [0.4561 0.5439]
Iteration 500: p = [0.456 0.544]
Iteration 520: p = [0.456 0.544]
Iteration 540: p = [0.456 0.544]
Iteration 560: p = [0.4559 0.5441]
Iteration 580: p = [0.4559 0.5441]
Iteration 600: p = [0.4559 0.5441]
Iteration 620: p = [0.4559 0.5441]
Iteration 640: p = [0.4559 0.5441]
Iteration 660: p = [0.4558 0.5442]
Iteration 680: p = [0.4558 0.5442]
Iteration 700: p = [0.4558 0.5442]
Iteration 720: p = [0.4558 0.5442]
Iteration 740: p = [0.4558 0.5442]
Iteration 760: p = [0.4558 0.5442]
Iteration 780: p = [0.4558 0.5442]
Iteration 800: p = [0.4558 0.5442]
Iteration 820: p = [0.4558 0.5442]
Iteration 840: p = [0.4558 0.5442]
Iteration 860: p = [0.4558 0.5442]
Iteration 880: p = [0.4558 0.5442]
Iteration 900: p = [0.4558 0.5442]
Iteration 920: p = [0.4558 0.5442]
Iteration 940: p = [0.4558 0.5442]
Iteration 960: p = [0.4558 0.5442]
Iteration 980: p = [0.4558 0.5442]
Iteration 1000: p = [0.4558 0.5442]
Iteration 1020: p = [0.4558 0.5442]
Iteration 1040: p = [0.4558 0.5442]
Iteration 1060: p = [0.4558 0.5442]
Iteration 1080: p = [0.4558 0.5442]
Iteration 0: p = [0.506 0.494]
Iteration 20: p = [0.4406 0.5594]
Iteration 40: p = [0.3788 0.6212]
Iteration 60: p = [0.3425 0.6575]
Iteration 80: p = [0.3201 0.6799]
Iteration 100: p = [0.2993 0.7007]
Iteration 120: p = [0.2899 0.7101]
Iteration 140: p = [0.2759 0.7241]
Iteration 160: p = [0.2709 0.7291]
Iteration 180: p = [0.2645 0.7355]
Iteration 200: p = [0.2588 0.7412]
Iteration 220: p = [0.2554 0.7446]
Iteration 240: p = [0.254 0.746]
Iteration 260: p = [0.2511 0.7489]
Iteration 280: p = [0.2493 0.7507]
Iteration 300: p = [0.248 0.752]
Iteration 320: p = [0.2461 0.7539]
Iteration 340: p = [0.245 0.755]
Iteration 360: p = [0.2439 0.7561]
Iteration 380: p = [0.2433 0.7567]
Iteration 400: p = [0.2427 0.7573]
Iteration 420: p = [0.2422 0.7578]
Iteration 440: p = [0.2419 0.7581]
Iteration 460: p = [0.2415 0.7585]
Iteration 480: p = [0.2413 0.7587]
Iteration 500: p = [0.2411 0.7589]
Iteration 520: p = [0.2409 0.7591]
Iteration 540: p = [0.2408 0.7592]
Iteration 560: p = [0.2407 0.7593]
Iteration 580: p = [0.2406 0.7594]
Iteration 600: p = [0.2405 0.7595]
Iteration 620: p = [0.2405 0.7595]
Iteration 640: p = [0.2404 0.7596]
Iteration 660: p = [0.2404 0.7596]
Iteration 680: p = [0.2404 0.7596]
Iteration 700: p = [0.2403 0.7597]
Iteration 720: p = [0.2403 0.7597]
Iteration 740: p = [0.2403 0.7597]
Iteration 760: p = [0.2403 0.7597]
Iteration 780: p = [0.2403 0.7597]
Iteration 800: p = [0.2403 0.7597]
Iteration 820: p = [0.2402 0.7598]
Iteration 840: p = [0.2402 0.7598]
Iteration 860: p = [0.2402 0.7598]
Iteration 880: p = [0.2402 0.7598]
Iteration 900: p = [0.2402 0.7598]
Iteration 920: p = [0.2402 0.7598]
Iteration 940: p = [0.2402 0.7598]
Iteration 960: p = [0.2402 0.7598]
Iteration 980: p = [0.2402 0.7598]
Iteration 1000: p = [0.2402 0.7598]
Iteration 1020: p = [0.2402 0.7598]
Iteration 1040: p = [0.2402 0.7598]
Iteration 0: p = [0.4961 0.5039]
Iteration 20: p = [0.4028 0.5972]
Iteration 40: p = [0.3444 0.6556]
Iteration 60: p = [0.3028 0.6972]
Iteration 80: p = [0.2743 0.7257]
Iteration 100: p = [0.2546 0.7454]
Iteration 120: p = [0.2414 0.7586]
Iteration 140: p = [0.2322 0.7678]
Iteration 160: p = [0.2256 0.7744]
Iteration 180: p = [0.2206 0.7794]
Iteration 200: p = [0.2168 0.7832]
Iteration 220: p = [0.214 0.786]
Iteration 240: p = [0.2119 0.7881]
Iteration 260: p = [0.2103 0.7897]
Iteration 280: p = [0.209 0.791]
Iteration 300: p = [0.2081 0.7919]
Iteration 320: p = [0.2073 0.7927]
Iteration 340: p = [0.2067 0.7933]
Iteration 360: p = [0.2063 0.7937]
Iteration 380: p = [0.2059 0.7941]
Iteration 400: p = [0.2056 0.7944]
Iteration 420: p = [0.2053 0.7947]
Iteration 440: p = [0.2051 0.7949]
Iteration 460: p = [0.205 0.795]
Iteration 480: p = [0.2048 0.7952]
Iteration 500: p = [0.2047 0.7953]
Iteration 520: p = [0.2046 0.7954]
Iteration 540: p = [0.2045 0.7955]
Iteration 560: p = [0.2045 0.7955]
Iteration 580: p = [0.2044 0.7956]
Iteration 600: p = [0.2044 0.7956]
Iteration 620: p = [0.2043 0.7957]
Iteration 640: p = [0.2043 0.7957]
Iteration 660: p = [0.2043 0.7957]
Iteration 680: p = [0.2043 0.7957]
Iteration 700: p = [0.2043 0.7957]
Iteration 720: p = [0.2042 0.7958]
Iteration 740: p = [0.2042 0.7958]
Iteration 760: p = [0.2042 0.7958]
Iteration 780: p = [0.2042 0.7958]
Iteration 800: p = [0.2042 0.7958]
Iteration 820: p = [0.2042 0.7958]
Iteration 840: p = [0.2042 0.7958]
Iteration 860: p = [0.2042 0.7958]
Iteration 880: p = [0.2042 0.7958]
Iteration 900: p = [0.2042 0.7958]
Iteration 0: p = [0.4888 0.5112]
Iteration 20: p = [0.3609 0.6391]
Iteration 40: p = [0.277 0.723]
Iteration 60: p = [0.2185 0.7815]
Iteration 80: p = [0.1964 0.8036]
Iteration 100: p = [0.1829 0.8171]
Iteration 120: p = [0.1737 0.8263]
Iteration 140: p = [0.1698 0.8302]
Iteration 160: p = [0.1682 0.8318]
Iteration 180: p = [0.1678 0.8322]
Iteration 200: p = [0.1681 0.8319]
Iteration 220: p = [0.1688 0.8312]
Iteration 240: p = [0.1696 0.8304]
Iteration 260: p = [0.1701 0.8299]
Iteration 280: p = [0.1706 0.8294]
Iteration 300: p = [0.171 0.829]
Iteration 320: p = [0.1713 0.8287]
Iteration 340: p = [0.1716 0.8284]
Iteration 360: p = [0.1719 0.8281]
Iteration 380: p = [0.1721 0.8279]
Iteration 400: p = [0.1722 0.8278]
Iteration 420: p = [0.1723 0.8277]
Iteration 440: p = [0.1724 0.8276]
Iteration 460: p = [0.1725 0.8275]
Iteration 480: p = [0.1726 0.8274]
Iteration 500: p = [0.1726 0.8274]
Iteration 520: p = [0.1727 0.8273]
Iteration 540: p = [0.1727 0.8273]
Iteration 560: p = [0.1727 0.8273]
Iteration 580: p = [0.1727 0.8273]
Iteration 600: p = [0.1728 0.8272]
Iteration 620: p = [0.1728 0.8272]
Iteration 640: p = [0.1728 0.8272]
Iteration 660: p = [0.1728 0.8272]
Iteration 680: p = [0.1728 0.8272]
Iteration 0: p = [0.5228 0.4772]
Iteration 20: p = [0.3538 0.6462]
Iteration 40: p = [0.3126 0.6874]
Iteration 60: p = [0.3183 0.6817]
Iteration 80: p = [0.3146 0.6854]
Iteration 100: p = [0.2927 0.7073]
Iteration 120: p = [0.2647 0.7353]
Iteration 140: p = [0.2347 0.7653]
Iteration 160: p = [0.2195 0.7805]
Iteration 180: p = [0.2047 0.7953]
Iteration 200: p = [0.199 0.801]
Iteration 220: p = [0.1918 0.8082]
Iteration 240: p = [0.1879 0.8121]
Iteration 260: p = [0.186 0.814]
Iteration 280: p = [0.1837 0.8163]
Iteration 300: p = [0.1829 0.8171]
Iteration 320: p = [0.1828 0.8172]
Iteration 340: p = [0.1822 0.8178]
Iteration 360: p = [0.1825 0.8175]
Iteration 380: p = [0.1822 0.8178]
Iteration 400: p = [0.1823 0.8177]
Iteration 420: p = [0.1821 0.8179]
Iteration 440: p = [0.1822 0.8178]
Iteration 460: p = [0.1821 0.8179]
Iteration 480: p = [0.1821 0.8179]
Iteration 500: p = [0.1821 0.8179]
Iteration 520: p = [0.1821 0.8179]
Iteration 540: p = [0.1821 0.8179]
Iteration 560: p = [0.1821 0.8179]
Iteration 580: p = [0.1821 0.8179]
Iteration 600: p = [0.1821 0.8179]
Iteration 620: p = [0.1821 0.8179]
Iteration 640: p = [0.1821 0.8179]
Iteration 660: p = [0.1821 0.8179]
Iteration 680: p = [0.1821 0.8179]
Iteration 700: p = [0.1821 0.8179]
Iteration 720: p = [0.1821 0.8179]
Iteration 740: p = [0.1821 0.8179]
Iteration 760: p = [0.1821 0.8179]
Iteration 780: p = [0.1821 0.8179]
Iteration 800: p = [0.1821 0.8179]
Iteration 820: p = [0.1821 0.8179]
Iteration 840: p = [0.1821 0.8179]
Iteration 860: p = [0.1821 0.8179]
Iteration 880: p = [0.1821 0.8179]
Iteration 900: p = [0.1821 0.8179]
Iteration 0: p = [0.5057 0.4943]
Iteration 20: p = [0.4931 0.5069]
Iteration 40: p = [0.4895 0.5105]
Iteration 60: p = [0.4855 0.5145]
Iteration 80: p = [0.4761 0.5239]
Iteration 100: p = [0.4822 0.5178]
Iteration 120: p = [0.4723 0.5277]
Iteration 140: p = [0.4748 0.5252]
Iteration 160: p = [0.4757 0.5243]
Iteration 180: p = [0.4732 0.5268]
Iteration 200: p = [0.4745 0.5255]
Iteration 220: p = [0.4727 0.5273]
Iteration 240: p = [0.4726 0.5274]
Iteration 260: p = [0.4713 0.5287]
Iteration 280: p = [0.4704 0.5296]
Iteration 300: p = [0.47 0.53]
Iteration 320: p = [0.4699 0.5301]
Iteration 340: p = [0.4695 0.5305]
Iteration 360: p = [0.4693 0.5307]
Iteration 380: p = [0.4689 0.5311]
Iteration 400: p = [0.469 0.531]
Iteration 420: p = [0.4689 0.5311]
Iteration 440: p = [0.4689 0.5311]
Iteration 460: p = [0.4688 0.5312]
Iteration 480: p = [0.4687 0.5313]
Iteration 500: p = [0.4687 0.5313]
Iteration 520: p = [0.4686 0.5314]
Iteration 540: p = [0.4685 0.5315]
Iteration 560: p = [0.4685 0.5315]
Iteration 580: p = [0.4685 0.5315]
Iteration 600: p = [0.4685 0.5315]
Iteration 620: p = [0.4685 0.5315]
Iteration 640: p = [0.4684 0.5316]
Iteration 660: p = [0.4684 0.5316]
Iteration 680: p = [0.4684 0.5316]
Iteration 700: p = [0.4684 0.5316]
Iteration 720: p = [0.4684 0.5316]
Iteration 740: p = [0.4684 0.5316]
Iteration 760: p = [0.4684 0.5316]
Iteration 780: p = [0.4684 0.5316]
Iteration 800: p = [0.4684 0.5316]
Iteration 820: p = [0.4684 0.5316]
Iteration 840: p = [0.4684 0.5316]
Iteration 860: p = [0.4684 0.5316]
Iteration 880: p = [0.4684 0.5316]
Iteration 900: p = [0.4684 0.5316]
Iteration 920: p = [0.4684 0.5316]
Iteration 940: p = [0.4684 0.5316]
Iteration 960: p = [0.4684 0.5316]
Iteration 980: p = [0.4684 0.5316]
Iteration 1000: p = [0.4684 0.5316]
Iteration 1020: p = [0.4684 0.5316]
Iteration 1040: p = [0.4684 0.5316]
Iteration 1060: p = [0.4684 0.5316]
Iteration 1080: p = [0.4684 0.5316]
Iteration 1100: p = [0.4684 0.5316]
Iteration 1120: p = [0.4684 0.5316]
Iteration 1140: p = [0.4684 0.5316]
Iteration 1160: p = [0.4684 0.5316]
Iteration 1180: p = [0.4684 0.5316]
Iteration 1200: p = [0.4684 0.5316]
Iteration 1220: p = [0.4684 0.5316]
Iteration 0: p = [0.5227 0.4773]
Iteration 20: p = [0.4744 0.5256]
Iteration 40: p = [0.4327 0.5673]
Iteration 60: p = [0.3883 0.6117]
Iteration 80: p = [0.3626 0.6374]
Iteration 100: p = [0.3453 0.6547]
Iteration 120: p = [0.3234 0.6766]
Iteration 140: p = [0.2987 0.7013]
Iteration 160: p = [0.289 0.711]
Iteration 180: p = [0.2811 0.7189]
Iteration 200: p = [0.2761 0.7239]
Iteration 220: p = [0.273 0.727]
Iteration 240: p = [0.2696 0.7304]
Iteration 260: p = [0.2657 0.7343]
Iteration 280: p = [0.2629 0.7371]
Iteration 300: p = [0.2615 0.7385]
Iteration 320: p = [0.2606 0.7394]
Iteration 340: p = [0.2584 0.7416]
Iteration 360: p = [0.2582 0.7418]
Iteration 380: p = [0.257 0.743]
Iteration 400: p = [0.2562 0.7438]
Iteration 420: p = [0.2555 0.7445]
Iteration 440: p = [0.255 0.745]
Iteration 460: p = [0.2546 0.7454]
Iteration 480: p = [0.2542 0.7458]
Iteration 500: p = [0.2539 0.7461]
Iteration 520: p = [0.2537 0.7463]
Iteration 540: p = [0.2535 0.7465]
Iteration 560: p = [0.2534 0.7466]
Iteration 580: p = [0.2533 0.7467]
Iteration 600: p = [0.2532 0.7468]
Iteration 620: p = [0.2531 0.7469]
Iteration 640: p = [0.2531 0.7469]
Iteration 660: p = [0.253 0.747]
Iteration 680: p = [0.253 0.747]
Iteration 700: p = [0.2529 0.7471]
Iteration 720: p = [0.2529 0.7471]
Iteration 740: p = [0.2529 0.7471]
Iteration 760: p = [0.2529 0.7471]
Iteration 780: p = [0.2529 0.7471]
Iteration 800: p = [0.2528 0.7472]
Iteration 820: p = [0.2528 0.7472]
Iteration 840: p = [0.2528 0.7472]
Iteration 860: p = [0.2528 0.7472]
Iteration 880: p = [0.2528 0.7472]
Iteration 900: p = [0.2528 0.7472]
Iteration 920: p = [0.2528 0.7472]
Iteration 940: p = [0.2528 0.7472]
Iteration 960: p = [0.2528 0.7472]
Iteration 980: p = [0.2528 0.7472]
Iteration 1000: p = [0.2528 0.7472]
Iteration 1020: p = [0.2528 0.7472]
Iteration 1040: p = [0.2528 0.7472]
Iteration 1060: p = [0.2528 0.7472]
Iteration 1080: p = [0.2528 0.7472]
Iteration 1100: p = [0.2528 0.7472]
Iteration 1120: p = [0.2528 0.7472]
Iteration 0: p = [0.4939 0.5061]
Iteration 20: p = [0.3566 0.6434]
Iteration 40: p = [0.2848 0.7152]
Iteration 60: p = [0.2449 0.7551]
Iteration 80: p = [0.2205 0.7795]
Iteration 100: p = [0.206 0.794]
Iteration 120: p = [0.1995 0.8005]
Iteration 140: p = [0.1949 0.8051]
Iteration 160: p = [0.1927 0.8073]
Iteration 180: p = [0.1909 0.8091]
Iteration 200: p = [0.1897 0.8103]
Iteration 220: p = [0.1879 0.8121]
Iteration 240: p = [0.1872 0.8128]
Iteration 260: p = [0.1864 0.8136]
Iteration 280: p = [0.1859 0.8141]
Iteration 300: p = [0.186 0.814]
Iteration 320: p = [0.186 0.814]
Iteration 340: p = [0.186 0.814]
Iteration 360: p = [0.1859 0.8141]
Iteration 380: p = [0.186 0.814]
Iteration 400: p = [0.186 0.814]
Iteration 420: p = [0.186 0.814]
Iteration 440: p = [0.186 0.814]
Iteration 460: p = [0.186 0.814]
Iteration 480: p = [0.186 0.814]
Iteration 500: p = [0.186 0.814]
Iteration 520: p = [0.186 0.814]
Iteration 540: p = [0.186 0.814]
Iteration 560: p = [0.186 0.814]
Iteration 580: p = [0.186 0.814]
Iteration 600: p = [0.186 0.814]
Iteration 620: p = [0.186 0.814]
Iteration 640: p = [0.1859 0.8141]
Iteration 660: p = [0.1859 0.8141]
Iteration 680: p = [0.1859 0.8141]
Iteration 0: p = [0.493 0.507]
Iteration 20: p = [0.3776 0.6224]
Iteration 40: p = [0.3129 0.6871]
Iteration 60: p = [0.2659 0.7341]
Iteration 80: p = [0.2382 0.7618]
Iteration 100: p = [0.2192 0.7808]
Iteration 120: p = [0.2069 0.7931]
Iteration 140: p = [0.1986 0.8014]
Iteration 160: p = [0.1938 0.8062]
Iteration 180: p = [0.1902 0.8098]
Iteration 200: p = [0.1881 0.8119]
Iteration 220: p = [0.1868 0.8132]
Iteration 240: p = [0.1859 0.8141]
Iteration 260: p = [0.1852 0.8148]
Iteration 280: p = [0.1847 0.8153]
Iteration 300: p = [0.1843 0.8157]
Iteration 320: p = [0.184 0.816]
Iteration 340: p = [0.1837 0.8163]
Iteration 360: p = [0.1835 0.8165]
Iteration 380: p = [0.1834 0.8166]
Iteration 400: p = [0.1832 0.8168]
Iteration 420: p = [0.1831 0.8169]
Iteration 440: p = [0.183 0.817]
Iteration 460: p = [0.1829 0.8171]
Iteration 480: p = [0.1829 0.8171]
Iteration 500: p = [0.1828 0.8172]
Iteration 520: p = [0.1828 0.8172]
Iteration 540: p = [0.1827 0.8173]
Iteration 560: p = [0.1827 0.8173]
Iteration 580: p = [0.1827 0.8173]
Iteration 600: p = [0.1826 0.8174]
Iteration 620: p = [0.1826 0.8174]
Iteration 640: p = [0.1826 0.8174]
Iteration 660: p = [0.1826 0.8174]
Iteration 680: p = [0.1826 0.8174]
Iteration 700: p = [0.1826 0.8174]
Iteration 720: p = [0.1826 0.8174]
Iteration 740: p = [0.1826 0.8174]
Iteration 760: p = [0.1826 0.8174]
Iteration 780: p = [0.1826 0.8174]
Iteration 800: p = [0.1826 0.8174]
Iteration 820: p = [0.1826 0.8174]
Iteration 0: p = [0.4984 0.5016]
Iteration 20: p = [0.4162 0.5838]
Iteration 40: p = [0.3606 0.6394]
Iteration 60: p = [0.3239 0.6761]
Iteration 80: p = [0.2973 0.7027]
Iteration 100: p = [0.2762 0.7238]
Iteration 120: p = [0.2597 0.7403]
Iteration 140: p = [0.2484 0.7516]
Iteration 160: p = [0.2401 0.7599]
Iteration 180: p = [0.2339 0.7661]
Iteration 200: p = [0.2292 0.7708]
Iteration 220: p = [0.2256 0.7744]
Iteration 240: p = [0.2228 0.7772]
Iteration 260: p = [0.2205 0.7795]
Iteration 280: p = [0.2188 0.7812]
Iteration 300: p = [0.2174 0.7826]
Iteration 320: p = [0.2164 0.7836]
Iteration 340: p = [0.2156 0.7844]
Iteration 360: p = [0.2149 0.7851]
Iteration 380: p = [0.2144 0.7856]
Iteration 400: p = [0.214 0.786]
Iteration 420: p = [0.2136 0.7864]
Iteration 440: p = [0.2134 0.7866]
Iteration 460: p = [0.2132 0.7868]
Iteration 480: p = [0.213 0.787]
Iteration 500: p = [0.2128 0.7872]
Iteration 520: p = [0.2127 0.7873]
Iteration 540: p = [0.2126 0.7874]
Iteration 560: p = [0.2125 0.7875]
Iteration 580: p = [0.2125 0.7875]
Iteration 600: p = [0.2124 0.7876]
Iteration 620: p = [0.2124 0.7876]
Iteration 640: p = [0.2123 0.7877]
Iteration 660: p = [0.2123 0.7877]
Iteration 680: p = [0.2123 0.7877]
Iteration 700: p = [0.2123 0.7877]
Iteration 720: p = [0.2123 0.7877]
Iteration 740: p = [0.2122 0.7878]
Iteration 760: p = [0.2122 0.7878]
Iteration 780: p = [0.2122 0.7878]
Iteration 0: p = [0.523 0.477]
Iteration 20: p = [0.539 0.461]
Iteration 40: p = [0.495 0.505]
Iteration 60: p = [0.4934 0.5066]
Iteration 80: p = [0.5036 0.4964]
Iteration 100: p = [0.4967 0.5033]
Iteration 120: p = [0.4949 0.5051]
Iteration 140: p = [0.4951 0.5049]
Iteration 160: p = [0.4964 0.5036]
Iteration 180: p = [0.4959 0.5041]
Iteration 200: p = [0.4927 0.5073]
Iteration 220: p = [0.4911 0.5089]
Iteration 240: p = [0.4919 0.5081]
Iteration 260: p = [0.4904 0.5096]
Iteration 280: p = [0.4882 0.5118]
Iteration 300: p = [0.4878 0.5122]
Iteration 320: p = [0.4866 0.5134]
Iteration 340: p = [0.4859 0.5141]
Iteration 360: p = [0.486 0.514]
Iteration 380: p = [0.486 0.514]
Iteration 400: p = [0.4856 0.5144]
Iteration 420: p = [0.4858 0.5142]
Iteration 440: p = [0.4856 0.5144]
Iteration 460: p = [0.4854 0.5146]
Iteration 480: p = [0.4854 0.5146]
Iteration 500: p = [0.4852 0.5148]
Iteration 520: p = [0.4852 0.5148]
Iteration 540: p = [0.4851 0.5149]
Iteration 560: p = [0.4851 0.5149]
Iteration 580: p = [0.4851 0.5149]
Iteration 600: p = [0.4851 0.5149]
Iteration 620: p = [0.4851 0.5149]
Iteration 640: p = [0.4851 0.5149]
Iteration 660: p = [0.485 0.515]
Iteration 680: p = [0.485 0.515]
Iteration 700: p = [0.485 0.515]
Iteration 720: p = [0.485 0.515]
Iteration 740: p = [0.485 0.515]
Iteration 760: p = [0.485 0.515]
Iteration 780: p = [0.485 0.515]
Iteration 800: p = [0.485 0.515]
Iteration 820: p = [0.485 0.515]
Iteration 840: p = [0.485 0.515]
Iteration 860: p = [0.485 0.515]
Iteration 880: p = [0.485 0.515]
Iteration 900: p = [0.485 0.515]
Iteration 920: p = [0.485 0.515]
Iteration 940: p = [0.485 0.515]
Iteration 960: p = [0.485 0.515]
Iteration 980: p = [0.485 0.515]
Iteration 1000: p = [0.485 0.515]
Iteration 1020: p = [0.485 0.515]
Iteration 1040: p = [0.485 0.515]
Iteration 1060: p = [0.485 0.515]
Iteration 1080: p = [0.485 0.515]
Iteration 1100: p = [0.485 0.515]
Iteration 1120: p = [0.485 0.515]
Iteration 1140: p = [0.485 0.515]
Iteration 1160: p = [0.485 0.515]
Iteration 1180: p = [0.485 0.515]
Iteration 1200: p = [0.485 0.515]
Iteration 1220: p = [0.485 0.515]
Iteration 1240: p = [0.485 0.515]
Iteration 1260: p = [0.485 0.515]
Iteration 1280: p = [0.485 0.515]
Iteration 1300: p = [0.485 0.515]
Iteration 0: p = [0.4895 0.5105]
Iteration 20: p = [0.3388 0.6612]
Iteration 40: p = [0.269 0.731]
Iteration 60: p = [0.2333 0.7667]
Iteration 80: p = [0.21 0.79]
Iteration 100: p = [0.1986 0.8014]
Iteration 120: p = [0.1904 0.8096]
Iteration 140: p = [0.1868 0.8132]
Iteration 160: p = [0.184 0.816]
Iteration 180: p = [0.1823 0.8177]
Iteration 200: p = [0.1814 0.8186]
Iteration 220: p = [0.181 0.819]
Iteration 240: p = [0.1809 0.8191]
Iteration 260: p = [0.1806 0.8194]
Iteration 280: p = [0.1804 0.8196]
Iteration 300: p = [0.1803 0.8197]
Iteration 320: p = [0.1801 0.8199]
Iteration 340: p = [0.18 0.82]
Iteration 360: p = [0.1799 0.8201]
Iteration 380: p = [0.1798 0.8202]
Iteration 400: p = [0.1798 0.8202]
Iteration 420: p = [0.1797 0.8203]
Iteration 440: p = [0.1797 0.8203]
Iteration 460: p = [0.1796 0.8204]
Iteration 0: p = [0.4991 0.5009]
Iteration 20: p = [0.4097 0.5903]
Iteration 40: p = [0.332 0.668]
Iteration 60: p = [0.2828 0.7172]
Iteration 80: p = [0.253 0.747]
Iteration 100: p = [0.2331 0.7669]
Iteration 120: p = [0.2219 0.7781]
Iteration 140: p = [0.2095 0.7905]
Iteration 160: p = [0.2039 0.7961]
Iteration 180: p = [0.2017 0.7983]
Iteration 200: p = [0.2004 0.7996]
Iteration 220: p = [0.1972 0.8028]
Iteration 240: p = [0.1955 0.8045]
Iteration 260: p = [0.195 0.805]
Iteration 280: p = [0.1941 0.8059]
Iteration 300: p = [0.1937 0.8063]
Iteration 320: p = [0.1936 0.8064]
Iteration 340: p = [0.1932 0.8068]
Iteration 360: p = [0.1931 0.8069]
Iteration 380: p = [0.1929 0.8071]
Iteration 400: p = [0.1928 0.8072]
Iteration 420: p = [0.1928 0.8072]
Iteration 440: p = [0.1927 0.8073]
Iteration 460: p = [0.1927 0.8073]
Iteration 480: p = [0.1926 0.8074]
Iteration 500: p = [0.1926 0.8074]
Iteration 520: p = [0.1926 0.8074]
Iteration 540: p = [0.1925 0.8075]
Iteration 560: p = [0.1925 0.8075]
Iteration 580: p = [0.1925 0.8075]
Iteration 600: p = [0.1925 0.8075]
Iteration 620: p = [0.1925 0.8075]
Iteration 640: p = [0.1925 0.8075]
Iteration 660: p = [0.1925 0.8075]
Iteration 680: p = [0.1925 0.8075]
Iteration 700: p = [0.1925 0.8075]
Iteration 720: p = [0.1925 0.8075]
Iteration 740: p = [0.1925 0.8075]
Iteration 760: p = [0.1925 0.8075]
Iteration 780: p = [0.1925 0.8075]
Iteration 800: p = [0.1925 0.8075]
Iteration 820: p = [0.1925 0.8075]
Iteration 840: p = [0.1924 0.8076]
Iteration 860: p = [0.1924 0.8076]
Iteration 880: p = [0.1924 0.8076]
Iteration 900: p = [0.1924 0.8076]
Iteration 920: p = [0.1924 0.8076]
Iteration 0: p = [0.5039 0.4961]
Iteration 20: p = [0.4152 0.5848]
Iteration 40: p = [0.3581 0.6419]
Iteration 60: p = [0.3066 0.6934]
Iteration 80: p = [0.2697 0.7303]
Iteration 100: p = [0.2393 0.7607]
Iteration 120: p = [0.2189 0.7811]
Iteration 140: p = [0.2072 0.7928]
Iteration 160: p = [0.1991 0.8009]
Iteration 180: p = [0.1912 0.8088]
Iteration 200: p = [0.1898 0.8102]
Iteration 220: p = [0.1881 0.8119]
Iteration 240: p = [0.1865 0.8135]
Iteration 260: p = [0.186 0.814]
Iteration 280: p = [0.1858 0.8142]
Iteration 300: p = [0.1857 0.8143]
Iteration 320: p = [0.1854 0.8146]
Iteration 340: p = [0.1854 0.8146]
Iteration 360: p = [0.1852 0.8148]
Iteration 380: p = [0.185 0.815]
Iteration 400: p = [0.1851 0.8149]
Iteration 420: p = [0.1852 0.8148]
Iteration 440: p = [0.1851 0.8149]
Iteration 460: p = [0.1852 0.8148]
Iteration 480: p = [0.1852 0.8148]
Iteration 500: p = [0.1852 0.8148]
Iteration 520: p = [0.1852 0.8148]
Iteration 540: p = [0.1852 0.8148]
Iteration 560: p = [0.1852 0.8148]
Iteration 580: p = [0.1852 0.8148]
Iteration 600: p = [0.1852 0.8148]
Iteration 620: p = [0.1852 0.8148]
Iteration 640: p = [0.1852 0.8148]
Iteration 660: p = [0.1852 0.8148]
Iteration 680: p = [0.1852 0.8148]
Iteration 700: p = [0.1853 0.8147]
Iteration 720: p = [0.1853 0.8147]
Iteration 740: p = [0.1853 0.8147]
Iteration 760: p = [0.1853 0.8147]
Iteration 780: p = [0.1853 0.8147]
Iteration 800: p = [0.1853 0.8147]
Iteration 820: p = [0.1853 0.8147]
Iteration 840: p = [0.1853 0.8147]
Iteration 860: p = [0.1853 0.8147]
Iteration 880: p = [0.1853 0.8147]
Iteration 0: p = [0.5094 0.4906]
Iteration 20: p = [0.3653 0.6347]
Iteration 40: p = [0.3455 0.6545]
Iteration 60: p = [0.3252 0.6748]
Iteration 80: p = [0.2848 0.7152]
Iteration 100: p = [0.2488 0.7512]
Iteration 120: p = [0.2248 0.7752]
Iteration 140: p = [0.21 0.79]
Iteration 160: p = [0.1976 0.8024]
Iteration 180: p = [0.1914 0.8086]
Iteration 200: p = [0.1878 0.8122]
Iteration 220: p = [0.1846 0.8154]
Iteration 240: p = [0.1836 0.8164]
Iteration 260: p = [0.1824 0.8176]
Iteration 280: p = [0.1818 0.8182]
Iteration 300: p = [0.1819 0.8181]
Iteration 320: p = [0.1819 0.8181]
Iteration 340: p = [0.182 0.818]
Iteration 360: p = [0.1823 0.8177]
Iteration 380: p = [0.1823 0.8177]
Iteration 400: p = [0.1826 0.8174]
Iteration 420: p = [0.1827 0.8173]
Iteration 440: p = [0.1828 0.8172]
Iteration 460: p = [0.1828 0.8172]
Iteration 480: p = [0.1828 0.8172]
Iteration 500: p = [0.1828 0.8172]
Iteration 520: p = [0.1829 0.8171]
Iteration 540: p = [0.1828 0.8172]
Iteration 560: p = [0.1829 0.8171]
Iteration 580: p = [0.1829 0.8171]
Iteration 600: p = [0.1829 0.8171]
Iteration 620: p = [0.1829 0.8171]
Iteration 640: p = [0.1829 0.8171]
Iteration 660: p = [0.1829 0.8171]
Iteration 680: p = [0.1829 0.8171]
Iteration 700: p = [0.1829 0.8171]
Iteration 720: p = [0.1829 0.8171]
Iteration 740: p = [0.1829 0.8171]
Iteration 760: p = [0.1829 0.8171]
Iteration 780: p = [0.1829 0.8171]
Iteration 800: p = [0.1829 0.8171]
Iteration 820: p = [0.1829 0.8171]
Iteration 840: p = [0.1829 0.8171]
Iteration 0: p = [0.5137 0.4863]
Iteration 20: p = [0.3528 0.6472]
Iteration 40: p = [0.2936 0.7064]
Iteration 60: p = [0.3109 0.6891]
Iteration 80: p = [0.3066 0.6934]
Iteration 100: p = [0.2705 0.7295]
Iteration 120: p = [0.2417 0.7583]
Iteration 140: p = [0.2154 0.7846]
Iteration 160: p = [0.2025 0.7975]
Iteration 180: p = [0.1918 0.8082]
Iteration 200: p = [0.1849 0.8151]
Iteration 220: p = [0.1844 0.8156]
Iteration 0: p = [0.4895 0.5105]
Iteration 20: p = [0.4845 0.5155]
Iteration 40: p = [0.474 0.526]
Iteration 60: p = [0.4708 0.5292]
Iteration 80: p = [0.4694 0.5306]
Iteration 100: p = [0.4663 0.5337]
Iteration 120: p = [0.464 0.536]
Iteration 140: p = [0.4616 0.5384]
Iteration 160: p = [0.4595 0.5405]
Iteration 180: p = [0.4589 0.5411]
Iteration 200: p = [0.4575 0.5425]
Iteration 220: p = [0.4567 0.5433]
Iteration 240: p = [0.4561 0.5439]
Iteration 260: p = [0.4555 0.5445]
Iteration 280: p = [0.4552 0.5448]
Iteration 300: p = [0.4548 0.5452]
Iteration 320: p = [0.4544 0.5456]
Iteration 340: p = [0.454 0.546]
Iteration 360: p = [0.4539 0.5461]
Iteration 380: p = [0.4537 0.5463]
Iteration 400: p = [0.4536 0.5464]
Iteration 420: p = [0.4535 0.5465]
Iteration 440: p = [0.4534 0.5466]
Iteration 460: p = [0.4533 0.5467]
Iteration 480: p = [0.4533 0.5467]
Iteration 500: p = [0.4532 0.5468]
Iteration 520: p = [0.4532 0.5468]
Iteration 540: p = [0.4532 0.5468]
Iteration 560: p = [0.4532 0.5468]
Iteration 580: p = [0.4531 0.5469]
Iteration 600: p = [0.4531 0.5469]
Iteration 620: p = [0.4531 0.5469]
Iteration 640: p = [0.4531 0.5469]
Iteration 660: p = [0.4531 0.5469]
Iteration 680: p = [0.4531 0.5469]
Iteration 700: p = [0.4531 0.5469]
Iteration 720: p = [0.4531 0.5469]
Iteration 740: p = [0.4531 0.5469]
Iteration 760: p = [0.453 0.547]
Iteration 780: p = [0.453 0.547]
Iteration 800: p = [0.453 0.547]
Iteration 820: p = [0.453 0.547]
Iteration 840: p = [0.453 0.547]
Iteration 860: p = [0.453 0.547]
Iteration 880: p = [0.453 0.547]
Iteration 900: p = [0.453 0.547]
Iteration 920: p = [0.453 0.547]
Iteration 940: p = [0.453 0.547]
Iteration 960: p = [0.453 0.547]
Iteration 980: p = [0.453 0.547]
Iteration 1000: p = [0.453 0.547]
Iteration 1020: p = [0.453 0.547]
Iteration 1040: p = [0.453 0.547]
Iteration 0: p = [0.5 0.5]
Iteration 20: p = [0.4231 0.5769]
Iteration 40: p = [0.3615 0.6385]
Iteration 60: p = [0.3266 0.6734]
Iteration 80: p = [0.2994 0.7006]
Iteration 100: p = [0.2838 0.7162]
Iteration 120: p = [0.2706 0.7294]
Iteration 140: p = [0.2622 0.7378]
Iteration 160: p = [0.2548 0.7452]
Iteration 180: p = [0.2521 0.7479]
Iteration 200: p = [0.2463 0.7537]
Iteration 220: p = [0.2428 0.7572]
Iteration 240: p = [0.2403 0.7597]
Iteration 260: p = [0.2377 0.7623]
Iteration 280: p = [0.2362 0.7638]
Iteration 300: p = [0.235 0.765]
Iteration 320: p = [0.2341 0.7659]
Iteration 340: p = [0.2331 0.7669]
Iteration 360: p = [0.2323 0.7677]
Iteration 380: p = [0.2319 0.7681]
Iteration 400: p = [0.2316 0.7684]
Iteration 420: p = [0.2313 0.7687]
Iteration 440: p = [0.231 0.769]
Iteration 460: p = [0.2308 0.7692]
Iteration 480: p = [0.2307 0.7693]
Iteration 500: p = [0.2306 0.7694]
Iteration 520: p = [0.2304 0.7696]
Iteration 540: p = [0.2303 0.7697]
Iteration 560: p = [0.2303 0.7697]
Iteration 580: p = [0.2303 0.7697]
Iteration 600: p = [0.2302 0.7698]
Iteration 620: p = [0.2302 0.7698]
Iteration 640: p = [0.2301 0.7699]
Iteration 660: p = [0.2301 0.7699]
Iteration 680: p = [0.2301 0.7699]
Iteration 700: p = [0.2301 0.7699]
Iteration 720: p = [0.2301 0.7699]
Iteration 740: p = [0.2301 0.7699]
Iteration 760: p = [0.2301 0.7699]
Iteration 780: p = [0.2301 0.7699]
Iteration 800: p = [0.23 0.77]
Iteration 820: p = [0.23 0.77]
Iteration 840: p = [0.23 0.77]
Iteration 860: p = [0.23 0.77]
Iteration 880: p = [0.23 0.77]
Iteration 900: p = [0.23 0.77]
Iteration 920: p = [0.23 0.77]
Iteration 940: p = [0.23 0.77]
Iteration 960: p = [0.23 0.77]
Iteration 0: p = [0.5154 0.4846]
Iteration 20: p = [0.4028 0.5972]
Iteration 40: p = [0.3555 0.6445]
Iteration 60: p = [0.307 0.693]
Iteration 80: p = [0.2901 0.7099]
Iteration 100: p = [0.2726 0.7274]
Iteration 120: p = [0.2451 0.7549]
Iteration 140: p = [0.2353 0.7647]
Iteration 160: p = [0.2287 0.7713]
Iteration 180: p = [0.2173 0.7827]
Iteration 200: p = [0.2139 0.7861]
Iteration 220: p = [0.2105 0.7895]
Iteration 240: p = [0.2072 0.7928]
Iteration 260: p = [0.2042 0.7958]
Iteration 280: p = [0.2026 0.7974]
Iteration 300: p = [0.2014 0.7986]
Iteration 320: p = [0.2009 0.7991]
Iteration 340: p = [0.2006 0.7994]
Iteration 360: p = [0.1999 0.8001]
Iteration 380: p = [0.1996 0.8004]
Iteration 400: p = [0.1993 0.8007]
Iteration 420: p = [0.1991 0.8009]
Iteration 440: p = [0.1991 0.8009]
Iteration 460: p = [0.1991 0.8009]
Iteration 480: p = [0.199 0.801]
Iteration 500: p = [0.1989 0.8011]
Iteration 520: p = [0.1988 0.8012]
Iteration 540: p = [0.1988 0.8012]
Iteration 560: p = [0.1988 0.8012]
Iteration 580: p = [0.1987 0.8013]
Iteration 600: p = [0.1987 0.8013]
Iteration 620: p = [0.1987 0.8013]
Iteration 640: p = [0.1987 0.8013]
Iteration 660: p = [0.1987 0.8013]
Iteration 680: p = [0.1987 0.8013]
Iteration 700: p = [0.1987 0.8013]
Iteration 720: p = [0.1987 0.8013]
Iteration 740: p = [0.1986 0.8014]
Iteration 760: p = [0.1986 0.8014]
Iteration 780: p = [0.1986 0.8014]
Iteration 800: p = [0.1986 0.8014]
Iteration 820: p = [0.1986 0.8014]
Iteration 840: p = [0.1986 0.8014]
Iteration 860: p = [0.1986 0.8014]
Iteration 880: p = [0.1986 0.8014]
Iteration 900: p = [0.1986 0.8014]
Iteration 920: p = [0.1986 0.8014]
Iteration 940: p = [0.1986 0.8014]
Iteration 960: p = [0.1986 0.8014]
Iteration 980: p = [0.1986 0.8014]
Iteration 0: p = [0.4969 0.5031]
Iteration 20: p = [0.4122 0.5878]
Iteration 40: p = [0.358 0.642]
Iteration 60: p = [0.3172 0.6828]
Iteration 80: p = [0.2869 0.7131]
Iteration 100: p = [0.2647 0.7353]
Iteration 120: p = [0.2497 0.7503]
Iteration 140: p = [0.2395 0.7605]
Iteration 160: p = [0.2322 0.7678]
Iteration 180: p = [0.2268 0.7732]
Iteration 200: p = [0.2227 0.7773]
Iteration 220: p = [0.2195 0.7805]
Iteration 240: p = [0.217 0.783]
Iteration 260: p = [0.2151 0.7849]
Iteration 280: p = [0.2136 0.7864]
Iteration 300: p = [0.2125 0.7875]
Iteration 320: p = [0.2117 0.7883]
Iteration 340: p = [0.211 0.789]
Iteration 360: p = [0.2104 0.7896]
Iteration 380: p = [0.21 0.79]
Iteration 400: p = [0.2096 0.7904]
Iteration 420: p = [0.2093 0.7907]
Iteration 440: p = [0.2091 0.7909]
Iteration 460: p = [0.2089 0.7911]
Iteration 480: p = [0.2087 0.7913]
Iteration 500: p = [0.2086 0.7914]
Iteration 520: p = [0.2085 0.7915]
Iteration 540: p = [0.2084 0.7916]
Iteration 560: p = [0.2083 0.7917]
Iteration 580: p = [0.2083 0.7917]
Iteration 600: p = [0.2082 0.7918]
Iteration 620: p = [0.2082 0.7918]
Iteration 640: p = [0.2082 0.7918]
Iteration 660: p = [0.2081 0.7919]
Iteration 680: p = [0.2081 0.7919]
Iteration 700: p = [0.2081 0.7919]
Iteration 720: p = [0.2081 0.7919]
Iteration 740: p = [0.2081 0.7919]
Iteration 760: p = [0.2081 0.7919]
Iteration 780: p = [0.2081 0.7919]
Iteration 800: p = [0.2081 0.7919]
Iteration 820: p = [0.2081 0.7919]
Iteration 840: p = [0.2081 0.7919]
Iteration 860: p = [0.208 0.792]
Iteration 880: p = [0.208 0.792]
Iteration 900: p = [0.208 0.792]
Iteration 920: p = [0.208 0.792]
Iteration 0: p = [0.4905 0.5095]
Iteration 20: p = [0.3513 0.6487]
Iteration 40: p = [0.3345 0.6655]
Iteration 60: p = [0.2753 0.7247]
Iteration 80: p = [0.2245 0.7755]
Iteration 100: p = [0.1959 0.8041]
Iteration 120: p = [0.1815 0.8185]
Iteration 140: p = [0.1733 0.8267]
Iteration 160: p = [0.1685 0.8315]
Iteration 180: p = [0.1662 0.8338]
Iteration 200: p = [0.166 0.834]
Iteration 220: p = [0.1666 0.8334]
Iteration 240: p = [0.1676 0.8324]
Iteration 260: p = [0.1684 0.8316]
Iteration 280: p = [0.1691 0.8309]
Iteration 300: p = [0.1697 0.8303]
Iteration 320: p = [0.1702 0.8298]
Iteration 340: p = [0.1706 0.8294]
Iteration 360: p = [0.171 0.829]
Iteration 380: p = [0.1713 0.8287]
Iteration 400: p = [0.1715 0.8285]
Iteration 420: p = [0.1717 0.8283]
Iteration 440: p = [0.1718 0.8282]
Iteration 460: p = [0.1719 0.8281]
Iteration 480: p = [0.172 0.828]
Iteration 500: p = [0.1721 0.8279]
Iteration 520: p = [0.1722 0.8278]
Iteration 540: p = [0.1722 0.8278]
Iteration 560: p = [0.1723 0.8277]
Iteration 580: p = [0.1723 0.8277]
Iteration 600: p = [0.1723 0.8277]
Iteration 620: p = [0.1723 0.8277]
Iteration 640: p = [0.1724 0.8276]
Iteration 660: p = [0.1724 0.8276]
Iteration 680: p = [0.1724 0.8276]
Iteration 0: p = [0.5 0.5]
Iteration 20: p = [0.4968 0.5032]
Iteration 40: p = [0.4946 0.5054]
Iteration 60: p = [0.4927 0.5073]
Iteration 0: p = [0.4998 0.5002]
Iteration 20: p = [0.4971 0.5029]
Iteration 40: p = [0.4955 0.5045]
Iteration 60: p = [0.4943 0.5057]
Iteration 80: p = [0.4934 0.5066]
Iteration 100: p = [0.4927 0.5073]
Iteration 120: p = [0.4922 0.5078]
Iteration 140: p = [0.4918 0.5082]
Iteration 160: p = [0.4915 0.5085]
Iteration 180: p = [0.4912 0.5088]
Iteration 200: p = [0.491 0.509]
Iteration 0: p = [0.4939 0.5061]
Iteration 20: p = [0.3934 0.6066]
Iteration 40: p = [0.3304 0.6696]
Iteration 60: p = [0.2896 0.7104]
Iteration 80: p = [0.2634 0.7366]
Iteration 100: p = [0.2459 0.7541]
Iteration 120: p = [0.2342 0.7658]
Iteration 140: p = [0.2259 0.7741]
Iteration 160: p = [0.22 0.78]
Iteration 180: p = [0.2158 0.7842]
Iteration 200: p = [0.2129 0.7871]
Iteration 220: p = [0.2107 0.7893]
Iteration 240: p = [0.209 0.791]
Iteration 260: p = [0.2077 0.7923]
Iteration 280: p = [0.2068 0.7932]
Iteration 300: p = [0.206 0.794]
Iteration 320: p = [0.2053 0.7947]
Iteration 340: p = [0.2048 0.7952]
Iteration 360: p = [0.2044 0.7956]
Iteration 380: p = [0.2041 0.7959]
Iteration 400: p = [0.2038 0.7962]
Iteration 420: p = [0.2036 0.7964]
Iteration 440: p = [0.2034 0.7966]
Iteration 460: p = [0.2033 0.7967]
Iteration 0: p = [0.4896 0.5104]
Iteration 20: p = [0.3951 0.6049]
Iteration 40: p = [0.3378 0.6622]
Iteration 60: p = [0.3026 0.6974]
Iteration 80: p = [0.2808 0.7192]
Iteration 100: p = [0.2639 0.7361]
Iteration 120: p = [0.2529 0.7471]
Iteration 140: p = [0.2446 0.7554]
Iteration 160: p = [0.239 0.761]
Iteration 180: p = [0.2349 0.7651]
Iteration 200: p = [0.2312 0.7688]
Iteration 220: p = [0.2289 0.7711]
Iteration 240: p = [0.2272 0.7728]
Iteration 260: p = [0.2257 0.7743]
Iteration 280: p = [0.2247 0.7753]
Iteration 300: p = [0.2237 0.7763]
Iteration 320: p = [0.2232 0.7768]
Iteration 340: p = [0.2228 0.7772]
Iteration 360: p = [0.2224 0.7776]
Iteration 380: p = [0.2221 0.7779]
Iteration 400: p = [0.2219 0.7781]
Iteration 420: p = [0.2217 0.7783]
Iteration 440: p = [0.2216 0.7784]
Iteration 460: p = [0.2215 0.7785]
Iteration 480: p = [0.2214 0.7786]
Iteration 500: p = [0.2213 0.7787]
Iteration 520: p = [0.2212 0.7788]
Iteration 540: p = [0.2212 0.7788]
Iteration 560: p = [0.2211 0.7789]
Iteration 580: p = [0.2211 0.7789]
Iteration 600: p = [0.2211 0.7789]
Iteration 620: p = [0.221 0.779]
Iteration 640: p = [0.221 0.779]
Iteration 660: p = [0.221 0.779]
Iteration 0: p = [0.4898 0.5102]
Iteration 20: p = [0.3443 0.6557]
Iteration 40: p = [0.2717 0.7283]
Iteration 60: p = [0.2407 0.7593]
Iteration 80: p = [0.2203 0.7797]
Iteration 100: p = [0.2099 0.7901]
Iteration 120: p = [0.2028 0.7972]
Iteration 140: p = [0.1976 0.8024]
Iteration 160: p = [0.1951 0.8049]
Iteration 180: p = [0.1939 0.8061]
Iteration 200: p = [0.1924 0.8076]
Iteration 220: p = [0.1913 0.8087]
Iteration 240: p = [0.191 0.809]
Iteration 260: p = [0.1907 0.8093]
Iteration 280: p = [0.1907 0.8093]
Iteration 300: p = [0.1906 0.8094]
Iteration 320: p = [0.1905 0.8095]
Iteration 340: p = [0.1907 0.8093]
Iteration 360: p = [0.1906 0.8094]
Iteration 380: p = [0.1907 0.8093]
Iteration 400: p = [0.1906 0.8094]
Iteration 420: p = [0.1906 0.8094]
Iteration 440: p = [0.1906 0.8094]
Iteration 460: p = [0.1906 0.8094]
Iteration 480: p = [0.1906 0.8094]
Iteration 500: p = [0.1906 0.8094]
Iteration 520: p = [0.1906 0.8094]
Iteration 540: p = [0.1906 0.8094]
Iteration 560: p = [0.1905 0.8095]
Iteration 580: p = [0.1905 0.8095]
Iteration 600: p = [0.1905 0.8095]
Iteration 620: p = [0.1905 0.8095]
Iteration 640: p = [0.1905 0.8095]
Iteration 660: p = [0.1905 0.8095]
Iteration 0: p = [0.5233 0.4767]
Iteration 20: p = [0.4526 0.5474]
Iteration 40: p = [0.3765 0.6235]
Iteration 60: p = [0.3368 0.6632]
Iteration 80: p = [0.3097 0.6903]
Iteration 100: p = [0.2903 0.7097]
Iteration 120: p = [0.2709 0.7291]
Iteration 140: p = [0.2579 0.7421]
Iteration 160: p = [0.2445 0.7555]
Iteration 180: p = [0.2376 0.7624]
Iteration 200: p = [0.2299 0.7701]
Iteration 220: p = [0.2256 0.7744]
Iteration 240: p = [0.2204 0.7796]
Iteration 260: p = [0.2172 0.7828]
Iteration 280: p = [0.2146 0.7854]
Iteration 300: p = [0.2133 0.7867]
Iteration 320: p = [0.2119 0.7881]
Iteration 340: p = [0.2106 0.7894]
Iteration 360: p = [0.2099 0.7901]
Iteration 380: p = [0.2094 0.7906]
Iteration 400: p = [0.2089 0.7911]
Iteration 420: p = [0.2086 0.7914]
Iteration 440: p = [0.2085 0.7915]
Iteration 460: p = [0.2082 0.7918]
Iteration 480: p = [0.2081 0.7919]
Iteration 500: p = [0.2079 0.7921]
Iteration 520: p = [0.2078 0.7922]
Iteration 540: p = [0.2077 0.7923]
Iteration 560: p = [0.2076 0.7924]
Iteration 580: p = [0.2075 0.7925]
Iteration 600: p = [0.2074 0.7926]
Iteration 620: p = [0.2074 0.7926]
Iteration 640: p = [0.2074 0.7926]
Iteration 660: p = [0.2073 0.7927]
Iteration 680: p = [0.2073 0.7927]
Iteration 700: p = [0.2073 0.7927]
Iteration 720: p = [0.2073 0.7927]
Iteration 740: p = [0.2073 0.7927]
Iteration 760: p = [0.2073 0.7927]
Iteration 780: p = [0.2073 0.7927]
Iteration 800: p = [0.2073 0.7927]
Iteration 820: p = [0.2073 0.7927]
Iteration 840: p = [0.2072 0.7928]
Iteration 860: p = [0.2072 0.7928]
Iteration 880: p = [0.2072 0.7928]
Iteration 900: p = [0.2072 0.7928]
Iteration 920: p = [0.2072 0.7928]
Iteration 940: p = [0.2072 0.7928]
Iteration 960: p = [0.2072 0.7928]
Iteration 980: p = [0.2072 0.7928]
Iteration 1000: p = [0.2072 0.7928]
Iteration 1020: p = [0.2072 0.7928]
Iteration 0: p = [0.4938 0.5062]
Iteration 20: p = [0.3411 0.6589]
Iteration 40: p = [0.248 0.752]
Iteration 60: p = [0.2076 0.7924]
Iteration 80: p = [0.2012 0.7988]
Iteration 100: p = [0.1974 0.8026]
Iteration 120: p = [0.1867 0.8133]
Iteration 140: p = [0.1777 0.8223]
Iteration 160: p = [0.1752 0.8248]
Iteration 180: p = [0.1751 0.8249]
Iteration 200: p = [0.1739 0.8261]
Iteration 220: p = [0.1735 0.8265]
Iteration 240: p = [0.1744 0.8256]
Iteration 260: p = [0.1748 0.8252]
Iteration 280: p = [0.1748 0.8252]
Iteration 300: p = [0.175 0.825]
Iteration 320: p = [0.1753 0.8247]
Iteration 340: p = [0.1755 0.8245]
Iteration 360: p = [0.1756 0.8244]
Iteration 380: p = [0.1757 0.8243]
Iteration 400: p = [0.1757 0.8243]
Iteration 420: p = [0.1757 0.8243]
Iteration 440: p = [0.1757 0.8243]
Iteration 460: p = [0.1757 0.8243]
Iteration 480: p = [0.1757 0.8243]
Iteration 500: p = [0.1757 0.8243]
Iteration 520: p = [0.1758 0.8242]
Iteration 540: p = [0.1758 0.8242]
Iteration 560: p = [0.1758 0.8242]
Iteration 0: p = [0.5186 0.4814]
Iteration 20: p = [0.3565 0.6435]
Iteration 40: p = [0.317 0.683]
Iteration 60: p = [0.3365 0.6635]
Iteration 80: p = [0.3083 0.6917]
Iteration 100: p = [0.276 0.724]
Iteration 120: p = [0.247 0.753]
Iteration 140: p = [0.2222 0.7778]
Iteration 160: p = [0.2097 0.7903]
Iteration 180: p = [0.1989 0.8011]
Iteration 200: p = [0.1927 0.8073]
Iteration 220: p = [0.1892 0.8108]
Iteration 240: p = [0.1856 0.8144]
Iteration 260: p = [0.1842 0.8158]
Iteration 280: p = [0.1827 0.8173]
Iteration 300: p = [0.182 0.818]
Iteration 320: p = [0.1825 0.8175]
Iteration 340: p = [0.1822 0.8178]
Iteration 360: p = [0.1821 0.8179]
Iteration 380: p = [0.182 0.818]
Iteration 400: p = [0.1822 0.8178]
Iteration 420: p = [0.1821 0.8179]
Iteration 440: p = [0.1822 0.8178]
Iteration 460: p = [0.1822 0.8178]
Iteration 480: p = [0.1822 0.8178]
Iteration 500: p = [0.1822 0.8178]
Iteration 520: p = [0.1822 0.8178]
Iteration 540: p = [0.1822 0.8178]
Iteration 560: p = [0.1822 0.8178]
Iteration 580: p = [0.1823 0.8177]
Iteration 600: p = [0.1822 0.8178]
Iteration 620: p = [0.1823 0.8177]
Iteration 640: p = [0.1822 0.8178]
Iteration 660: p = [0.1823 0.8177]
Iteration 680: p = [0.1823 0.8177]
Iteration 700: p = [0.1823 0.8177]
Iteration 720: p = [0.1823 0.8177]
Iteration 740: p = [0.1823 0.8177]
Iteration 760: p = [0.1823 0.8177]
Iteration 780: p = [0.1823 0.8177]
Iteration 800: p = [0.1823 0.8177]
Iteration 820: p = [0.1823 0.8177]
Iteration 840: p = [0.1823 0.8177]
Iteration 860: p = [0.1823 0.8177]
Iteration 880: p = [0.1823 0.8177]
Iteration 900: p = [0.1823 0.8177]
Iteration 920: p = [0.1823 0.8177]
Iteration 0: p = [0.4989 0.5011]
Iteration 20: p = [0.4199 0.5801]
Iteration 40: p = [0.3575 0.6425]
Iteration 60: p = [0.3208 0.6792]
Iteration 80: p = [0.2954 0.7046]
Iteration 0: p = [0.4931 0.5069]
Iteration 20: p = [0.477 0.523]
Iteration 40: p = [0.4701 0.5299]
Iteration 60: p = [0.4657 0.5343]
Iteration 80: p = [0.4615 0.5385]
Iteration 100: p = [0.4583 0.5417]
Iteration 120: p = [0.4565 0.5435]
Iteration 140: p = [0.4552 0.5448]
Iteration 160: p = [0.4534 0.5466]
Iteration 180: p = [0.4526 0.5474]
Iteration 200: p = [0.4516 0.5484]
Iteration 220: p = [0.4507 0.5493]
Iteration 240: p = [0.4502 0.5498]
Iteration 260: p = [0.4497 0.5503]
Iteration 280: p = [0.4494 0.5506]
Iteration 300: p = [0.449 0.551]
Iteration 320: p = [0.4488 0.5512]
Iteration 340: p = [0.4485 0.5515]
Iteration 360: p = [0.4483 0.5517]
Iteration 380: p = [0.4482 0.5518]
Iteration 400: p = [0.4481 0.5519]
Iteration 420: p = [0.448 0.552]
Iteration 440: p = [0.4479 0.5521]
Iteration 460: p = [0.4478 0.5522]
Iteration 480: p = [0.4478 0.5522]
Iteration 500: p = [0.4478 0.5522]
Iteration 520: p = [0.4477 0.5523]
Iteration 540: p = [0.4477 0.5523]
Iteration 560: p = [0.4477 0.5523]
Iteration 580: p = [0.4476 0.5524]
Iteration 600: p = [0.4476 0.5524]
Iteration 620: p = [0.4476 0.5524]
Iteration 640: p = [0.4476 0.5524]
Iteration 660: p = [0.4476 0.5524]
Iteration 680: p = [0.4476 0.5524]
Iteration 700: p = [0.4476 0.5524]
Iteration 720: p = [0.4476 0.5524]
Iteration 740: p = [0.4476 0.5524]
Iteration 760: p = [0.4476 0.5524]
Iteration 780: p = [0.4476 0.5524]
Iteration 800: p = [0.4476 0.5524]
Iteration 820: p = [0.4476 0.5524]
Iteration 840: p = [0.4476 0.5524]
Iteration 0: p = [0.4898 0.5102]
Iteration 20: p = [0.4073 0.5927]
Iteration 40: p = [0.3451 0.6549]
Iteration 60: p = [0.3091 0.6909]
Iteration 80: p = [0.285 0.715]
Iteration 100: p = [0.2677 0.7323]
Iteration 120: p = [0.2559 0.7441]
Iteration 140: p = [0.2467 0.7533]
Iteration 160: p = [0.2406 0.7594]
Iteration 180: p = [0.2361 0.7639]
Iteration 200: p = [0.2326 0.7674]
Iteration 220: p = [0.2303 0.7697]
Iteration 240: p = [0.2281 0.7719]
Iteration 260: p = [0.2268 0.7732]
Iteration 280: p = [0.2257 0.7743]
Iteration 300: p = [0.2249 0.7751]
Iteration 320: p = [0.2241 0.7759]
Iteration 340: p = [0.2235 0.7765]
Iteration 360: p = [0.223 0.777]
Iteration 380: p = [0.2227 0.7773]
Iteration 400: p = [0.2225 0.7775]
Iteration 420: p = [0.2223 0.7777]
Iteration 440: p = [0.2221 0.7779]
Iteration 460: p = [0.222 0.778]
Iteration 480: p = [0.2219 0.7781]
Iteration 500: p = [0.2218 0.7782]
Iteration 520: p = [0.2218 0.7782]
Iteration 540: p = [0.2218 0.7782]
Iteration 560: p = [0.2217 0.7783]
Iteration 580: p = [0.2217 0.7783]
Iteration 600: p = [0.2216 0.7784]
Iteration 620: p = [0.2216 0.7784]
Iteration 640: p = [0.2216 0.7784]
Iteration 660: p = [0.2216 0.7784]
Iteration 680: p = [0.2216 0.7784]
Iteration 700: p = [0.2216 0.7784]
Iteration 720: p = [0.2215 0.7785]
Iteration 740: p = [0.2215 0.7785]
Iteration 760: p = [0.2215 0.7785]
Iteration 780: p = [0.2215 0.7785]
Iteration 800: p = [0.2215 0.7785]
Iteration 820: p = [0.2215 0.7785]
Iteration 840: p = [0.2215 0.7785]
Iteration 860: p = [0.2215 0.7785]
Iteration 880: p = [0.2215 0.7785]
Iteration 900: p = [0.2215 0.7785]
Iteration 0: p = [0.4953 0.5047]
Iteration 20: p = [0.3831 0.6169]
Iteration 40: p = [0.3088 0.6912]
Iteration 60: p = [0.2629 0.7371]
Iteration 80: p = [0.2385 0.7615]
Iteration 100: p = [0.2215 0.7785]
Iteration 120: p = [0.2104 0.7896]
Iteration 140: p = [0.2015 0.7985]
Iteration 160: p = [0.1975 0.8025]
Iteration 180: p = [0.1955 0.8045]
Iteration 200: p = [0.1934 0.8066]
Iteration 220: p = [0.1918 0.8082]
Iteration 240: p = [0.1909 0.8091]
Iteration 260: p = [0.1907 0.8093]
Iteration 280: p = [0.1905 0.8095]
Iteration 300: p = [0.1903 0.8097]
Iteration 320: p = [0.1901 0.8099]
Iteration 340: p = [0.19 0.81]
Iteration 360: p = [0.1901 0.8099]
Iteration 380: p = [0.1901 0.8099]
Iteration 400: p = [0.19 0.81]
Iteration 420: p = [0.1901 0.8099]
Iteration 440: p = [0.1902 0.8098]
Iteration 460: p = [0.1901 0.8099]
Iteration 480: p = [0.1901 0.8099]
Iteration 500: p = [0.1901 0.8099]
Iteration 520: p = [0.1901 0.8099]
Iteration 540: p = [0.1901 0.8099]
Iteration 560: p = [0.1901 0.8099]
Iteration 580: p = [0.1901 0.8099]
Iteration 600: p = [0.1901 0.8099]
Iteration 620: p = [0.1901 0.8099]
Iteration 640: p = [0.1901 0.8099]
Iteration 660: p = [0.1901 0.8099]
Iteration 680: p = [0.1901 0.8099]
Iteration 700: p = [0.1901 0.8099]
Iteration 720: p = [0.1901 0.8099]
Iteration 740: p = [0.1901 0.8099]
Iteration 760: p = [0.1901 0.8099]
Iteration 780: p = [0.1901 0.8099]
Iteration 800: p = [0.1901 0.8099]
Iteration 820: p = [0.1901 0.8099]
Iteration 840: p = [0.1901 0.8099]
Iteration 860: p = [0.1901 0.8099]
Iteration 880: p = [0.1901 0.8099]
Iteration 0: p = [0.4983 0.5017]
Iteration 20: p = [0.4175 0.5825]
Iteration 40: p = [0.331 0.669]
Iteration 60: p = [0.2752 0.7248]
Iteration 80: p = [0.2412 0.7588]
Iteration 100: p = [0.2201 0.7799]
Iteration 120: p = [0.204 0.796]
Iteration 140: p = [0.1964 0.8036]
Iteration 160: p = [0.1912 0.8088]
Iteration 180: p = [0.1893 0.8107]
Iteration 200: p = [0.188 0.812]
Iteration 220: p = [0.1869 0.8131]
Iteration 240: p = [0.1861 0.8139]
Iteration 260: p = [0.1859 0.8141]
Iteration 280: p = [0.1857 0.8143]
Iteration 300: p = [0.1853 0.8147]
Iteration 320: p = [0.1854 0.8146]
Iteration 340: p = [0.1856 0.8144]
Iteration 360: p = [0.1855 0.8145]
Iteration 380: p = [0.1856 0.8144]
Iteration 400: p = [0.1856 0.8144]
Iteration 420: p = [0.1856 0.8144]
Iteration 440: p = [0.1857 0.8143]
Iteration 460: p = [0.1857 0.8143]
Iteration 480: p = [0.1857 0.8143]
Iteration 500: p = [0.1857 0.8143]
Iteration 520: p = [0.1857 0.8143]
Iteration 540: p = [0.1857 0.8143]
Iteration 560: p = [0.1857 0.8143]
Iteration 580: p = [0.1857 0.8143]
Iteration 600: p = [0.1857 0.8143]
Iteration 620: p = [0.1857 0.8143]
Iteration 640: p = [0.1857 0.8143]
Iteration 660: p = [0.1857 0.8143]
Iteration 680: p = [0.1857 0.8143]
Iteration 700: p = [0.1857 0.8143]
Iteration 0: p = [0.5024 0.4976]
Iteration 20: p = [0.4345 0.5655]
Iteration 40: p = [0.3602 0.6398]
Iteration 60: p = [0.2962 0.7038]
Iteration 80: p = [0.26 0.74]
Iteration 100: p = [0.2278 0.7722]
Iteration 120: p = [0.214 0.786]
Iteration 140: p = [0.202 0.798]
Iteration 160: p = [0.194 0.806]
Iteration 180: p = [0.1903 0.8097]
Iteration 200: p = [0.1878 0.8122]
Iteration 220: p = [0.1861 0.8139]
Iteration 240: p = [0.1847 0.8153]
Iteration 260: p = [0.1839 0.8161]
Iteration 280: p = [0.1837 0.8163]
Iteration 300: p = [0.1834 0.8166]
Iteration 320: p = [0.1834 0.8166]
Iteration 340: p = [0.1835 0.8165]
Iteration 360: p = [0.1836 0.8164]
Iteration 380: p = [0.1838 0.8162]
Iteration 400: p = [0.1837 0.8163]
Iteration 420: p = [0.1836 0.8164]
Iteration 440: p = [0.1836 0.8164]
Iteration 460: p = [0.1835 0.8165]
Iteration 480: p = [0.1836 0.8164]
Iteration 500: p = [0.1836 0.8164]
Iteration 520: p = [0.1836 0.8164]
Iteration 540: p = [0.1836 0.8164]
Iteration 560: p = [0.1835 0.8165]
Iteration 580: p = [0.1836 0.8164]
Iteration 600: p = [0.1835 0.8165]
Iteration 620: p = [0.1835 0.8165]
Iteration 640: p = [0.1835 0.8165]
Iteration 660: p = [0.1835 0.8165]
Iteration 680: p = [0.1835 0.8165]
Iteration 700: p = [0.1835 0.8165]
Iteration 0: p = [0.5019 0.4981]
Iteration 20: p = [0.4284 0.5716]
Iteration 40: p = [0.3604 0.6396]
Iteration 60: p = [0.2909 0.7091]
Iteration 80: p = [0.2565 0.7435]
Iteration 100: p = [0.2259 0.7741]
Iteration 120: p = [0.211 0.789]
Iteration 140: p = [0.205 0.795]
Iteration 160: p = [0.2003 0.7997]
Iteration 180: p = [0.1937 0.8063]
Iteration 200: p = [0.1915 0.8085]
Iteration 220: p = [0.1888 0.8112]
Iteration 240: p = [0.1871 0.8129]
Iteration 260: p = [0.1848 0.8152]
Iteration 280: p = [0.1844 0.8156]
Iteration 300: p = [0.1836 0.8164]
Iteration 320: p = [0.1833 0.8167]
Iteration 340: p = [0.183 0.817]
Iteration 360: p = [0.1832 0.8168]
Iteration 380: p = [0.1829 0.8171]
Iteration 400: p = [0.183 0.817]
Iteration 420: p = [0.1831 0.8169]
Iteration 440: p = [0.183 0.817]
Iteration 460: p = [0.183 0.817]
Iteration 480: p = [0.183 0.817]
Iteration 500: p = [0.183 0.817]
Iteration 520: p = [0.1829 0.8171]
Iteration 540: p = [0.1829 0.8171]
Iteration 560: p = [0.1829 0.8171]
Iteration 580: p = [0.1829 0.8171]
Iteration 0: p = [0.4998 0.5002]
Iteration 20: p = [0.4965 0.5035]
Iteration 40: p = [0.4938 0.5062]
Iteration 60: p = [0.4915 0.5085]
Iteration 80: p = [0.4897 0.5103]
Iteration 100: p = [0.4882 0.5118]
Iteration 120: p = [0.4869 0.5131]
Iteration 140: p = [0.4859 0.5141]
Iteration 160: p = [0.4851 0.5149]
Iteration 180: p = [0.4844 0.5156]
Iteration 200: p = [0.4839 0.5161]
Iteration 220: p = [0.4834 0.5166]
Iteration 240: p = [0.483 0.517]
Iteration 260: p = [0.4827 0.5173]
Iteration 280: p = [0.4825 0.5175]
Iteration 300: p = [0.4823 0.5177]
Iteration 320: p = [0.4821 0.5179]
Iteration 340: p = [0.482 0.518]
Iteration 360: p = [0.4818 0.5182]
Iteration 380: p = [0.4817 0.5183]
Iteration 400: p = [0.4817 0.5183]
Iteration 420: p = [0.4816 0.5184]
Iteration 440: p = [0.4816 0.5184]
Iteration 460: p = [0.4815 0.5185]
Iteration 480: p = [0.4815 0.5185]
Iteration 500: p = [0.4815 0.5185]
Iteration 520: p = [0.4814 0.5186]
Iteration 540: p = [0.4814 0.5186]
Iteration 560: p = [0.4814 0.5186]
Iteration 580: p = [0.4814 0.5186]
Iteration 600: p = [0.4814 0.5186]
Iteration 620: p = [0.4814 0.5186]
Iteration 640: p = [0.4814 0.5186]
Iteration 660: p = [0.4814 0.5186]
Iteration 680: p = [0.4814 0.5186]
Iteration 700: p = [0.4813 0.5187]
Iteration 720: p = [0.4813 0.5187]
Iteration 740: p = [0.4813 0.5187]
Iteration 760: p = [0.4813 0.5187]
Iteration 780: p = [0.4813 0.5187]
Iteration 800: p = [0.4813 0.5187]
Iteration 820: p = [0.4813 0.5187]
Iteration 840: p = [0.4813 0.5187]
Iteration 860: p = [0.4813 0.5187]
Iteration 880: p = [0.4813 0.5187]
Iteration 900: p = [0.4813 0.5187]
Iteration 920: p = [0.4813 0.5187]
Iteration 0: p = [0.4934 0.5066]
Iteration 20: p = [0.4123 0.5877]
Iteration 40: p = [0.3581 0.6419]
Iteration 60: p = [0.3211 0.6789]
Iteration 80: p = [0.2976 0.7024]
Iteration 100: p = [0.278 0.722]
Iteration 120: p = [0.265 0.735]
Iteration 140: p = [0.2578 0.7422]
Iteration 160: p = [0.2481 0.7519]
Iteration 180: p = [0.2438 0.7562]
Iteration 200: p = [0.239 0.761]
Iteration 220: p = [0.2361 0.7639]
Iteration 240: p = [0.2335 0.7665]
Iteration 260: p = [0.2317 0.7683]
Iteration 280: p = [0.2306 0.7694]
Iteration 300: p = [0.2291 0.7709]
Iteration 320: p = [0.2285 0.7715]
Iteration 340: p = [0.2279 0.7721]
Iteration 360: p = [0.2273 0.7727]
Iteration 380: p = [0.227 0.773]
Iteration 400: p = [0.2267 0.7733]
Iteration 420: p = [0.2265 0.7735]
Iteration 440: p = [0.2263 0.7737]
Iteration 460: p = [0.2261 0.7739]
Iteration 480: p = [0.226 0.774]
Iteration 500: p = [0.2259 0.7741]
Iteration 520: p = [0.2258 0.7742]
Iteration 540: p = [0.2257 0.7743]
Iteration 560: p = [0.2257 0.7743]
Iteration 580: p = [0.2256 0.7744]
Iteration 600: p = [0.2256 0.7744]
Iteration 620: p = [0.2255 0.7745]
Iteration 640: p = [0.2255 0.7745]
Iteration 660: p = [0.2255 0.7745]
Iteration 680: p = [0.2255 0.7745]
Iteration 700: p = [0.2255 0.7745]
Iteration 720: p = [0.2255 0.7745]
Iteration 740: p = [0.2254 0.7746]
Iteration 760: p = [0.2254 0.7746]
Iteration 780: p = [0.2254 0.7746]
Iteration 800: p = [0.2254 0.7746]
Iteration 820: p = [0.2254 0.7746]
Iteration 840: p = [0.2254 0.7746]
Iteration 860: p = [0.2254 0.7746]
Iteration 880: p = [0.2254 0.7746]
Iteration 900: p = [0.2254 0.7746]
Iteration 920: p = [0.2254 0.7746]
Iteration 940: p = [0.2254 0.7746]
Iteration 960: p = [0.2254 0.7746]
Iteration 0: p = [0.5041 0.4959]
Iteration 20: p = [0.4213 0.5787]
Iteration 40: p = [0.3458 0.6542]
Iteration 60: p = [0.3124 0.6876]
Iteration 80: p = [0.282 0.718]
Iteration 100: p = [0.2564 0.7436]
Iteration 120: p = [0.2375 0.7625]
Iteration 140: p = [0.2276 0.7724]
Iteration 160: p = [0.2208 0.7792]
Iteration 180: p = [0.2128 0.7872]
Iteration 200: p = [0.2092 0.7908]
Iteration 220: p = [0.2061 0.7939]
Iteration 240: p = [0.2038 0.7962]
Iteration 260: p = [0.2014 0.7986]
Iteration 280: p = [0.2006 0.7994]
Iteration 300: p = [0.1997 0.8003]
Iteration 320: p = [0.1988 0.8012]
Iteration 340: p = [0.1986 0.8014]
Iteration 360: p = [0.1986 0.8014]
Iteration 380: p = [0.1982 0.8018]
Iteration 400: p = [0.1981 0.8019]
Iteration 420: p = [0.1981 0.8019]
Iteration 440: p = [0.198 0.802]
Iteration 460: p = [0.1979 0.8021]
Iteration 480: p = [0.1978 0.8022]
Iteration 500: p = [0.1977 0.8023]
Iteration 520: p = [0.1976 0.8024]
Iteration 540: p = [0.1976 0.8024]
Iteration 560: p = [0.1976 0.8024]
Iteration 580: p = [0.1975 0.8025]
Iteration 600: p = [0.1975 0.8025]
Iteration 620: p = [0.1975 0.8025]
Iteration 640: p = [0.1975 0.8025]
Iteration 660: p = [0.1975 0.8025]
Iteration 680: p = [0.1975 0.8025]
Iteration 700: p = [0.1975 0.8025]
Iteration 720: p = [0.1975 0.8025]
Iteration 740: p = [0.1974 0.8026]
Iteration 760: p = [0.1974 0.8026]
Iteration 780: p = [0.1974 0.8026]
Iteration 800: p = [0.1974 0.8026]
Iteration 820: p = [0.1974 0.8026]
Iteration 840: p = [0.1974 0.8026]
Iteration 860: p = [0.1974 0.8026]
Iteration 880: p = [0.1974 0.8026]
Iteration 900: p = [0.1974 0.8026]
Iteration 920: p = [0.1974 0.8026]
Iteration 940: p = [0.1974 0.8026]
Iteration 0: p = [0.5221 0.4779]
Iteration 20: p = [0.4098 0.5902]
Iteration 40: p = [0.366 0.634]
Iteration 60: p = [0.3196 0.6804]
Iteration 80: p = [0.3048 0.6952]
Iteration 100: p = [0.3017 0.6983]
Iteration 120: p = [0.2752 0.7248]
Iteration 140: p = [0.2505 0.7495]
Iteration 160: p = [0.2376 0.7624]
Iteration 180: p = [0.2228 0.7772]
Iteration 200: p = [0.214 0.786]
Iteration 220: p = [0.2073 0.7927]
Iteration 240: p = [0.2036 0.7964]
Iteration 260: p = [0.1998 0.8002]
Iteration 280: p = [0.1977 0.8023]
Iteration 300: p = [0.1956 0.8044]
Iteration 320: p = [0.1951 0.8049]
Iteration 340: p = [0.1941 0.8059]
Iteration 360: p = [0.1935 0.8065]
Iteration 380: p = [0.193 0.807]
Iteration 400: p = [0.1928 0.8072]
Iteration 420: p = [0.1927 0.8073]
Iteration 440: p = [0.1926 0.8074]
Iteration 460: p = [0.1926 0.8074]
Iteration 480: p = [0.1924 0.8076]
Iteration 500: p = [0.1923 0.8077]
Iteration 520: p = [0.1922 0.8078]
Iteration 540: p = [0.1922 0.8078]
Iteration 560: p = [0.1922 0.8078]
Iteration 580: p = [0.1921 0.8079]
Iteration 600: p = [0.1921 0.8079]
Iteration 620: p = [0.1921 0.8079]
Iteration 640: p = [0.192 0.808]
Iteration 660: p = [0.192 0.808]
Iteration 680: p = [0.192 0.808]
Iteration 700: p = [0.192 0.808]
Iteration 720: p = [0.192 0.808]
Iteration 740: p = [0.192 0.808]
Iteration 760: p = [0.192 0.808]
Iteration 780: p = [0.1919 0.8081]
Iteration 800: p = [0.1919 0.8081]
Iteration 820: p = [0.1919 0.8081]
Iteration 840: p = [0.1919 0.8081]
Iteration 860: p = [0.1919 0.8081]
Iteration 880: p = [0.1919 0.8081]
Iteration 900: p = [0.1919 0.8081]
Iteration 920: p = [0.1919 0.8081]
Iteration 940: p = [0.1919 0.8081]
Iteration 960: p = [0.1919 0.8081]
Iteration 980: p = [0.1919 0.8081]
Iteration 0: p = [0.4969 0.5031]
Iteration 20: p = [0.378 0.622]
Iteration 40: p = [0.3194 0.6806]
Iteration 60: p = [0.2785 0.7215]
Iteration 80: p = [0.2494 0.7506]
Iteration 100: p = [0.2286 0.7714]
Iteration 120: p = [0.2144 0.7856]
Iteration 140: p = [0.2054 0.7946]
Iteration 160: p = [0.1996 0.8004]
Iteration 180: p = [0.1956 0.8044]
Iteration 200: p = [0.1928 0.8072]
Iteration 220: p = [0.1909 0.8091]
Iteration 240: p = [0.1897 0.8103]
Iteration 260: p = [0.1886 0.8114]
Iteration 280: p = [0.1879 0.8121]
Iteration 300: p = [0.1873 0.8127]
Iteration 320: p = [0.1869 0.8131]
Iteration 340: p = [0.1865 0.8135]
Iteration 360: p = [0.1862 0.8138]
Iteration 380: p = [0.186 0.814]
Iteration 400: p = [0.1858 0.8142]
Iteration 420: p = [0.1856 0.8144]
Iteration 440: p = [0.1855 0.8145]
Iteration 460: p = [0.1854 0.8146]
Iteration 480: p = [0.1853 0.8147]
Iteration 500: p = [0.1853 0.8147]
Iteration 520: p = [0.1852 0.8148]
Iteration 540: p = [0.1852 0.8148]
Iteration 560: p = [0.1851 0.8149]
Iteration 580: p = [0.1851 0.8149]
Iteration 600: p = [0.1851 0.8149]
Iteration 620: p = [0.1851 0.8149]
Iteration 640: p = [0.185 0.815]
Iteration 660: p = [0.185 0.815]
Iteration 680: p = [0.185 0.815]
Iteration 700: p = [0.185 0.815]
Iteration 720: p = [0.185 0.815]
Iteration 740: p = [0.185 0.815]
Iteration 760: p = [0.185 0.815]
Iteration 780: p = [0.185 0.815]
Iteration 800: p = [0.185 0.815]
Iteration 820: p = [0.185 0.815]
